2025-02-26 19:27:09,710 - WARNING - Connection pool is full, discarding connection: localhost. Connection pool size: 1
2025-02-26 19:27:09,748 - WARNING - Connection pool is full, discarding connection: localhost. Connection pool size: 1
2025-02-26 19:27:10,053 - WARNING - Connection pool is full, discarding connection: localhost. Connection pool size: 1
2025-02-26 19:27:10,259 - WARNING - Connection pool is full, discarding connection: localhost. Connection pool size: 1
2025-02-26 19:27:11,236 - WARNING - Connection pool is full, discarding connection: localhost. Connection pool size: 1
2025-02-26 19:27:11,272 - WARNING - Connection pool is full, discarding connection: localhost. Connection pool size: 1
2025-02-26 19:27:11,575 - WARNING - Connection pool is full, discarding connection: localhost. Connection pool size: 1
2025-02-26 19:27:12,588 - WARNING - Connection pool is full, discarding connection: localhost. Connection pool size: 1
2025-02-26 19:27:12,753 - WARNING - Connection pool is full, discarding connection: localhost. Connection pool size: 1
2025-02-26 19:27:13,599 - WARNING - Connection pool is full, discarding connection: localhost. Connection pool size: 1
2025-02-26 19:27:13,797 - WARNING - Connection pool is full, discarding connection: localhost. Connection pool size: 1
2025-02-26 19:27:14,267 - WARNING - Connection pool is full, discarding connection: localhost. Connection pool size: 1
2025-02-26 19:27:14,302 - WARNING - Connection pool is full, discarding connection: localhost. Connection pool size: 1
2025-02-26 19:27:14,809 - WARNING - Connection pool is full, discarding connection: localhost. Connection pool size: 1
2025-02-26 19:27:15,114 - WARNING - Connection pool is full, discarding connection: localhost. Connection pool size: 1
2025-02-26 19:27:15,277 - WARNING - Connection pool is full, discarding connection: localhost. Connection pool size: 1
2025-02-26 19:27:15,620 - WARNING - Connection pool is full, discarding connection: localhost. Connection pool size: 1
2025-02-26 19:27:15,784 - WARNING - Connection pool is full, discarding connection: localhost. Connection pool size: 1
2025-02-26 19:27:15,819 - WARNING - Connection pool is full, discarding connection: localhost. Connection pool size: 1
2025-02-26 19:27:16,125 - WARNING - Connection pool is full, discarding connection: localhost. Connection pool size: 1
2025-02-26 19:27:16,326 - WARNING - Connection pool is full, discarding connection: localhost. Connection pool size: 1
2025-02-26 19:27:16,631 - WARNING - Connection pool is full, discarding connection: localhost. Connection pool size: 1
2025-02-26 19:27:17,298 - WARNING - Connection pool is full, discarding connection: localhost. Connection pool size: 1
2025-02-26 19:27:17,337 - WARNING - Connection pool is full, discarding connection: localhost. Connection pool size: 1
2025-02-26 19:27:17,665 - WARNING - Connection pool is full, discarding connection: localhost. Connection pool size: 1
2025-02-26 19:27:17,843 - WARNING - Connection pool is full, discarding connection: localhost. Connection pool size: 1
2025-02-26 19:27:18,350 - WARNING - Connection pool is full, discarding connection: localhost. Connection pool size: 1
2025-02-26 19:27:18,857 - WARNING - Connection pool is full, discarding connection: localhost. Connection pool size: 1
2025-02-26 19:27:19,364 - WARNING - Connection pool is full, discarding connection: localhost. Connection pool size: 1
2025-02-26 19:27:20,879 - WARNING - Connection pool is full, discarding connection: localhost. Connection pool size: 1
2025-02-26 19:27:21,890 - WARNING - Connection pool is full, discarding connection: localhost. Connection pool size: 1
2025-02-26 19:27:23,405 - WARNING - Connection pool is full, discarding connection: localhost. Connection pool size: 1
2025-02-26 19:27:23,932 - WARNING - Connection pool is full, discarding connection: localhost. Connection pool size: 1
2025-02-26 19:27:29,265 - WARNING - ID 4 抓取失败: Message: 
Stacktrace:
	GetHandleVerifier [0x00007FF7EFA8E735+13397]
	Microsoft::Applications::Events::EventProperty::empty [0x00007FF7EFD1B1B4+2060276]
	Microsoft::Applications::Events::EventProperty::empty [0x00007FF7EFC72338+1368440]
	(No symbol) [0x00007FF7EF8632A9]
	(No symbol) [0x00007FF7EF86349B]
	(No symbol) [0x00007FF7EF8A40E7]
	(No symbol) [0x00007FF7EF88429F]
	(No symbol) [0x00007FF7EF85964D]
	(No symbol) [0x00007FF7EF8A1C00]
	(No symbol) [0x00007FF7EF883FC3]
	(No symbol) [0x00007FF7EF858B96]
	(No symbol) [0x00007FF7EF857E50]
	(No symbol) [0x00007FF7EF8589C3]
	(No symbol) [0x00007FF7EF8E0214]
	(No symbol) [0x00007FF7EF9706CF]
	(No symbol) [0x00007FF7EF8E3A53]
	Microsoft::Applications::Events::EventProperty::to_string [0x00007FF7EFDD45BD+279981]
	simdutf::get_active_implementation [0x00007FF7EFA178C1+409457]
	simdutf::get_active_implementation [0x00007FF7EFA12BA4+389716]
	simdutf::get_active_implementation [0x00007FF7EFA12CE9+390041]
	simdutf::get_active_implementation [0x00007FF7EFA062E6+338326]
	BaseThreadInitThunk [0x00007FFCF940E8D7+23]
	RtlUserThreadStart [0x00007FFCFA0FBF2C+44]

2025-02-26 19:27:29,266 - WARNING - ID 4 数据为空
2025-02-26 19:27:29,432 - WARNING - ID 7 抓取失败: Message: 
Stacktrace:
	GetHandleVerifier [0x00007FF7EFA8E735+13397]
	Microsoft::Applications::Events::EventProperty::empty [0x00007FF7EFD1B1B4+2060276]
	Microsoft::Applications::Events::EventProperty::empty [0x00007FF7EFC72338+1368440]
	(No symbol) [0x00007FF7EF8632A9]
	(No symbol) [0x00007FF7EF86349B]
	(No symbol) [0x00007FF7EF8A40E7]
	(No symbol) [0x00007FF7EF88429F]
	(No symbol) [0x00007FF7EF85964D]
	(No symbol) [0x00007FF7EF8A1C00]
	(No symbol) [0x00007FF7EF883FC3]
	(No symbol) [0x00007FF7EF858B96]
	(No symbol) [0x00007FF7EF857E50]
	(No symbol) [0x00007FF7EF8589C3]
	(No symbol) [0x00007FF7EF8E0214]
	(No symbol) [0x00007FF7EF9706CF]
	(No symbol) [0x00007FF7EF8E3A53]
	Microsoft::Applications::Events::EventProperty::to_string [0x00007FF7EFDD45BD+279981]
	simdutf::get_active_implementation [0x00007FF7EFA178C1+409457]
	simdutf::get_active_implementation [0x00007FF7EFA12BA4+389716]
	simdutf::get_active_implementation [0x00007FF7EFA12CE9+390041]
	simdutf::get_active_implementation [0x00007FF7EFA062E6+338326]
	BaseThreadInitThunk [0x00007FFCF940E8D7+23]
	RtlUserThreadStart [0x00007FFCFA0FBF2C+44]

2025-02-26 19:27:29,432 - WARNING - ID 7 数据为空
2025-02-26 19:27:29,468 - WARNING - ID 3 抓取失败: Message: 
Stacktrace:
	GetHandleVerifier [0x00007FF7EFA8E735+13397]
	Microsoft::Applications::Events::EventProperty::empty [0x00007FF7EFD1B1B4+2060276]
	Microsoft::Applications::Events::EventProperty::empty [0x00007FF7EFC72338+1368440]
	(No symbol) [0x00007FF7EF8632A9]
	(No symbol) [0x00007FF7EF86349B]
	(No symbol) [0x00007FF7EF8A40E7]
	(No symbol) [0x00007FF7EF88429F]
	(No symbol) [0x00007FF7EF85964D]
	(No symbol) [0x00007FF7EF8A1C00]
	(No symbol) [0x00007FF7EF883FC3]
	(No symbol) [0x00007FF7EF858B96]
	(No symbol) [0x00007FF7EF857E50]
	(No symbol) [0x00007FF7EF8589C3]
	(No symbol) [0x00007FF7EF8E0214]
	(No symbol) [0x00007FF7EF9706CF]
	(No symbol) [0x00007FF7EF8E3A53]
	Microsoft::Applications::Events::EventProperty::to_string [0x00007FF7EFDD45BD+279981]
	simdutf::get_active_implementation [0x00007FF7EFA178C1+409457]
	simdutf::get_active_implementation [0x00007FF7EFA12BA4+389716]
	simdutf::get_active_implementation [0x00007FF7EFA12CE9+390041]
	simdutf::get_active_implementation [0x00007FF7EFA062E6+338326]
	BaseThreadInitThunk [0x00007FFCF940E8D7+23]
	RtlUserThreadStart [0x00007FFCFA0FBF2C+44]

2025-02-26 19:27:29,468 - WARNING - ID 3 数据为空
2025-02-26 19:27:29,947 - WARNING - ID 1 抓取失败: Message: 
Stacktrace:
	GetHandleVerifier [0x00007FF7EFA8E735+13397]
	Microsoft::Applications::Events::EventProperty::empty [0x00007FF7EFD1B1B4+2060276]
	Microsoft::Applications::Events::EventProperty::empty [0x00007FF7EFC72338+1368440]
	(No symbol) [0x00007FF7EF8632A9]
	(No symbol) [0x00007FF7EF86349B]
	(No symbol) [0x00007FF7EF8A40E7]
	(No symbol) [0x00007FF7EF88429F]
	(No symbol) [0x00007FF7EF85964D]
	(No symbol) [0x00007FF7EF8A1C00]
	(No symbol) [0x00007FF7EF883FC3]
	(No symbol) [0x00007FF7EF858B96]
	(No symbol) [0x00007FF7EF857E50]
	(No symbol) [0x00007FF7EF8589C3]
	(No symbol) [0x00007FF7EF8E0214]
	(No symbol) [0x00007FF7EF9706CF]
	(No symbol) [0x00007FF7EF8E3A53]
	Microsoft::Applications::Events::EventProperty::to_string [0x00007FF7EFDD45BD+279981]
	simdutf::get_active_implementation [0x00007FF7EFA178C1+409457]
	simdutf::get_active_implementation [0x00007FF7EFA12BA4+389716]
	simdutf::get_active_implementation [0x00007FF7EFA12CE9+390041]
	simdutf::get_active_implementation [0x00007FF7EFA062E6+338326]
	BaseThreadInitThunk [0x00007FFCF940E8D7+23]
	RtlUserThreadStart [0x00007FFCFA0FBF2C+44]

2025-02-26 19:27:29,947 - WARNING - ID 1 数据为空
2025-02-26 19:27:29,998 - WARNING - ID 6 抓取失败: Message: 
Stacktrace:
	GetHandleVerifier [0x00007FF7EFA8E735+13397]
	Microsoft::Applications::Events::EventProperty::empty [0x00007FF7EFD1B1B4+2060276]
	Microsoft::Applications::Events::EventProperty::empty [0x00007FF7EFC72338+1368440]
	(No symbol) [0x00007FF7EF8632A9]
	(No symbol) [0x00007FF7EF86349B]
	(No symbol) [0x00007FF7EF8A40E7]
	(No symbol) [0x00007FF7EF88429F]
	(No symbol) [0x00007FF7EF85964D]
	(No symbol) [0x00007FF7EF8A1C00]
	(No symbol) [0x00007FF7EF883FC3]
	(No symbol) [0x00007FF7EF858B96]
	(No symbol) [0x00007FF7EF857E50]
	(No symbol) [0x00007FF7EF8589C3]
	(No symbol) [0x00007FF7EF8E0214]
	(No symbol) [0x00007FF7EF9706CF]
	(No symbol) [0x00007FF7EF8E3A53]
	Microsoft::Applications::Events::EventProperty::to_string [0x00007FF7EFDD45BD+279981]
	simdutf::get_active_implementation [0x00007FF7EFA178C1+409457]
	simdutf::get_active_implementation [0x00007FF7EFA12BA4+389716]
	simdutf::get_active_implementation [0x00007FF7EFA12CE9+390041]
	simdutf::get_active_implementation [0x00007FF7EFA062E6+338326]
	BaseThreadInitThunk [0x00007FFCF940E8D7+23]
	RtlUserThreadStart [0x00007FFCFA0FBF2C+44]

2025-02-26 19:27:29,998 - WARNING - ID 6 数据为空
2025-02-26 19:27:30,302 - WARNING - ID 9 抓取失败: Message: 
Stacktrace:
	GetHandleVerifier [0x00007FF7EFA8E735+13397]
	Microsoft::Applications::Events::EventProperty::empty [0x00007FF7EFD1B1B4+2060276]
	Microsoft::Applications::Events::EventProperty::empty [0x00007FF7EFC72338+1368440]
	(No symbol) [0x00007FF7EF8632A9]
	(No symbol) [0x00007FF7EF86349B]
	(No symbol) [0x00007FF7EF8A40E7]
	(No symbol) [0x00007FF7EF88429F]
	(No symbol) [0x00007FF7EF85964D]
	(No symbol) [0x00007FF7EF8A1C00]
	(No symbol) [0x00007FF7EF883FC3]
	(No symbol) [0x00007FF7EF858B96]
	(No symbol) [0x00007FF7EF857E50]
	(No symbol) [0x00007FF7EF8589C3]
	(No symbol) [0x00007FF7EF8E0214]
	(No symbol) [0x00007FF7EF9706CF]
	(No symbol) [0x00007FF7EF8E3A53]
	Microsoft::Applications::Events::EventProperty::to_string [0x00007FF7EFDD45BD+279981]
	simdutf::get_active_implementation [0x00007FF7EFA178C1+409457]
	simdutf::get_active_implementation [0x00007FF7EFA12BA4+389716]
	simdutf::get_active_implementation [0x00007FF7EFA12CE9+390041]
	simdutf::get_active_implementation [0x00007FF7EFA062E6+338326]
	BaseThreadInitThunk [0x00007FFCF940E8D7+23]
	RtlUserThreadStart [0x00007FFCFA0FBF2C+44]

2025-02-26 19:27:30,302 - WARNING - ID 9 数据为空
2025-02-26 19:27:30,302 - INFO - 所有爬取任务已完成
2025-02-26 19:50:51,305 - WARNING - Connection pool is full, discarding connection: localhost. Connection pool size: 1
2025-02-26 19:50:51,705 - WARNING - Connection pool is full, discarding connection: localhost. Connection pool size: 1
2025-02-26 19:50:52,722 - WARNING - Connection pool is full, discarding connection: localhost. Connection pool size: 1
2025-02-26 19:50:53,260 - WARNING - Connection pool is full, discarding connection: localhost. Connection pool size: 1
2025-02-26 19:50:53,768 - WARNING - Connection pool is full, discarding connection: localhost. Connection pool size: 1
2025-02-26 19:50:54,274 - WARNING - Connection pool is full, discarding connection: localhost. Connection pool size: 1
2025-02-26 19:50:54,780 - WARNING - Connection pool is full, discarding connection: localhost. Connection pool size: 1
2025-02-26 19:50:55,288 - WARNING - Connection pool is full, discarding connection: localhost. Connection pool size: 1
2025-02-26 19:50:55,814 - WARNING - Connection pool is full, discarding connection: localhost. Connection pool size: 1
2025-02-26 19:50:56,322 - WARNING - Connection pool is full, discarding connection: localhost. Connection pool size: 1
2025-02-26 19:50:56,828 - WARNING - Connection pool is full, discarding connection: localhost. Connection pool size: 1
2025-02-26 19:50:57,337 - WARNING - Connection pool is full, discarding connection: localhost. Connection pool size: 1
2025-02-26 19:50:57,846 - WARNING - Connection pool is full, discarding connection: localhost. Connection pool size: 1
2025-02-26 19:50:59,363 - WARNING - Connection pool is full, discarding connection: localhost. Connection pool size: 1
2025-02-26 19:50:59,499 - WARNING - Connection pool is full, discarding connection: localhost. Connection pool size: 1
2025-02-26 19:50:59,524 - WARNING - Connection pool is full, discarding connection: localhost. Connection pool size: 1
2025-02-26 19:50:59,871 - WARNING - Connection pool is full, discarding connection: localhost. Connection pool size: 1
2025-02-26 19:51:00,392 - WARNING - Connection pool is full, discarding connection: localhost. Connection pool size: 1
2025-02-26 19:51:01,021 - WARNING - Connection pool is full, discarding connection: localhost. Connection pool size: 1
2025-02-26 19:51:01,539 - WARNING - Connection pool is full, discarding connection: localhost. Connection pool size: 1
2025-02-26 19:51:07,493 - WARNING - Connection pool is full, discarding connection: localhost. Connection pool size: 1
2025-02-26 19:51:08,612 - WARNING - Connection pool is full, discarding connection: localhost. Connection pool size: 1
2025-02-26 19:51:09,007 - WARNING - Connection pool is full, discarding connection: localhost. Connection pool size: 1
2025-02-26 19:51:09,513 - WARNING - Connection pool is full, discarding connection: localhost. Connection pool size: 1
2025-02-26 19:51:10,018 - WARNING - Connection pool is full, discarding connection: localhost. Connection pool size: 1
2025-02-26 19:51:10,018 - WARNING - ID 7 抓取失败: Message: 
Stacktrace:
	GetHandleVerifier [0x00007FF7EFA8E735+13397]
	Microsoft::Applications::Events::EventProperty::empty [0x00007FF7EFD1B1B4+2060276]
	Microsoft::Applications::Events::EventProperty::empty [0x00007FF7EFC72338+1368440]
	(No symbol) [0x00007FF7EF8632A9]
	(No symbol) [0x00007FF7EF86349B]
	(No symbol) [0x00007FF7EF8A40E7]
	(No symbol) [0x00007FF7EF88429F]
	(No symbol) [0x00007FF7EF85964D]
	(No symbol) [0x00007FF7EF8A1C00]
	(No symbol) [0x00007FF7EF883FC3]
	(No symbol) [0x00007FF7EF858B96]
	(No symbol) [0x00007FF7EF857E50]
	(No symbol) [0x00007FF7EF8589C3]
	(No symbol) [0x00007FF7EF8E0214]
	(No symbol) [0x00007FF7EF9706CF]
	(No symbol) [0x00007FF7EF8E3A53]
	Microsoft::Applications::Events::EventProperty::to_string [0x00007FF7EFDD45BD+279981]
	simdutf::get_active_implementation [0x00007FF7EFA178C1+409457]
	simdutf::get_active_implementation [0x00007FF7EFA12BA4+389716]
	simdutf::get_active_implementation [0x00007FF7EFA12CE9+390041]
	simdutf::get_active_implementation [0x00007FF7EFA062E6+338326]
	BaseThreadInitThunk [0x00007FFCF940E8D7+23]
	RtlUserThreadStart [0x00007FFCFA0FBF2C+44]

2025-02-26 19:51:10,018 - WARNING - ID 7 数据为空
2025-02-26 19:51:10,128 - WARNING - Connection pool is full, discarding connection: localhost. Connection pool size: 1
2025-02-26 19:51:11,517 - WARNING - ID 3 抓取失败: Message: 
Stacktrace:
	GetHandleVerifier [0x00007FF7EFA8E735+13397]
	Microsoft::Applications::Events::EventProperty::empty [0x00007FF7EFD1B1B4+2060276]
	Microsoft::Applications::Events::EventProperty::empty [0x00007FF7EFC72338+1368440]
	(No symbol) [0x00007FF7EF8632A9]
	(No symbol) [0x00007FF7EF86349B]
	(No symbol) [0x00007FF7EF8A40E7]
	(No symbol) [0x00007FF7EF88429F]
	(No symbol) [0x00007FF7EF85964D]
	(No symbol) [0x00007FF7EF8A1C00]
	(No symbol) [0x00007FF7EF883FC3]
	(No symbol) [0x00007FF7EF858B96]
	(No symbol) [0x00007FF7EF857E50]
	(No symbol) [0x00007FF7EF8589C3]
	(No symbol) [0x00007FF7EF8E0214]
	(No symbol) [0x00007FF7EF9706CF]
	(No symbol) [0x00007FF7EF8E3A53]
	Microsoft::Applications::Events::EventProperty::to_string [0x00007FF7EFDD45BD+279981]
	simdutf::get_active_implementation [0x00007FF7EFA178C1+409457]
	simdutf::get_active_implementation [0x00007FF7EFA12BA4+389716]
	simdutf::get_active_implementation [0x00007FF7EFA12CE9+390041]
	simdutf::get_active_implementation [0x00007FF7EFA062E6+338326]
	BaseThreadInitThunk [0x00007FFCF940E8D7+23]
	RtlUserThreadStart [0x00007FFCFA0FBF2C+44]

2025-02-26 19:51:11,517 - WARNING - ID 3 数据为空
2025-02-26 19:51:11,644 - WARNING - Connection pool is full, discarding connection: localhost. Connection pool size: 1
2025-02-26 19:51:12,034 - WARNING - ID 1 抓取失败: Message: 
Stacktrace:
	GetHandleVerifier [0x00007FF7EFA8E735+13397]
	Microsoft::Applications::Events::EventProperty::empty [0x00007FF7EFD1B1B4+2060276]
	Microsoft::Applications::Events::EventProperty::empty [0x00007FF7EFC72338+1368440]
	(No symbol) [0x00007FF7EF8632A9]
	(No symbol) [0x00007FF7EF86349B]
	(No symbol) [0x00007FF7EF8A40E7]
	(No symbol) [0x00007FF7EF88429F]
	(No symbol) [0x00007FF7EF85964D]
	(No symbol) [0x00007FF7EF8A1C00]
	(No symbol) [0x00007FF7EF883FC3]
	(No symbol) [0x00007FF7EF858B96]
	(No symbol) [0x00007FF7EF857E50]
	(No symbol) [0x00007FF7EF8589C3]
	(No symbol) [0x00007FF7EF8E0214]
	(No symbol) [0x00007FF7EF9706CF]
	(No symbol) [0x00007FF7EF8E3A53]
	Microsoft::Applications::Events::EventProperty::to_string [0x00007FF7EFDD45BD+279981]
	simdutf::get_active_implementation [0x00007FF7EFA178C1+409457]
	simdutf::get_active_implementation [0x00007FF7EFA12BA4+389716]
	simdutf::get_active_implementation [0x00007FF7EFA12CE9+390041]
	simdutf::get_active_implementation [0x00007FF7EFA062E6+338326]
	BaseThreadInitThunk [0x00007FFCF940E8D7+23]
	RtlUserThreadStart [0x00007FFCFA0FBF2C+44]

2025-02-26 19:51:12,034 - WARNING - ID 1 数据为空
2025-02-26 19:51:12,151 - WARNING - Connection pool is full, discarding connection: localhost. Connection pool size: 1
2025-02-26 19:51:12,686 - WARNING - Connection pool is full, discarding connection: localhost. Connection pool size: 1
2025-02-26 19:51:16,706 - WARNING - ID 6 抓取失败: Message: 
Stacktrace:
	GetHandleVerifier [0x00007FF7EFA8E735+13397]
	Microsoft::Applications::Events::EventProperty::empty [0x00007FF7EFD1B1B4+2060276]
	Microsoft::Applications::Events::EventProperty::empty [0x00007FF7EFC72338+1368440]
	(No symbol) [0x00007FF7EF8632A9]
	(No symbol) [0x00007FF7EF86349B]
	(No symbol) [0x00007FF7EF8A40E7]
	(No symbol) [0x00007FF7EF88429F]
	(No symbol) [0x00007FF7EF85964D]
	(No symbol) [0x00007FF7EF8A1C00]
	(No symbol) [0x00007FF7EF883FC3]
	(No symbol) [0x00007FF7EF858B96]
	(No symbol) [0x00007FF7EF857E50]
	(No symbol) [0x00007FF7EF8589C3]
	(No symbol) [0x00007FF7EF8E0214]
	(No symbol) [0x00007FF7EF9706CF]
	(No symbol) [0x00007FF7EF8E3A53]
	Microsoft::Applications::Events::EventProperty::to_string [0x00007FF7EFDD45BD+279981]
	simdutf::get_active_implementation [0x00007FF7EFA178C1+409457]
	simdutf::get_active_implementation [0x00007FF7EFA12BA4+389716]
	simdutf::get_active_implementation [0x00007FF7EFA12CE9+390041]
	simdutf::get_active_implementation [0x00007FF7EFA062E6+338326]
	BaseThreadInitThunk [0x00007FFCF940E8D7+23]
	RtlUserThreadStart [0x00007FFCFA0FBF2C+44]

2025-02-26 19:51:16,706 - WARNING - ID 6 数据为空
2025-02-26 19:51:19,774 - WARNING - ID 4 抓取失败: Message: 
Stacktrace:
	GetHandleVerifier [0x00007FF7EFA8E735+13397]
	Microsoft::Applications::Events::EventProperty::empty [0x00007FF7EFD1B1B4+2060276]
	Microsoft::Applications::Events::EventProperty::empty [0x00007FF7EFC72338+1368440]
	(No symbol) [0x00007FF7EF8632A9]
	(No symbol) [0x00007FF7EF86349B]
	(No symbol) [0x00007FF7EF8A40E7]
	(No symbol) [0x00007FF7EF88429F]
	(No symbol) [0x00007FF7EF85964D]
	(No symbol) [0x00007FF7EF8A1C00]
	(No symbol) [0x00007FF7EF883FC3]
	(No symbol) [0x00007FF7EF858B96]
	(No symbol) [0x00007FF7EF857E50]
	(No symbol) [0x00007FF7EF8589C3]
	(No symbol) [0x00007FF7EF8E0214]
	(No symbol) [0x00007FF7EF9706CF]
	(No symbol) [0x00007FF7EF8E3A53]
	Microsoft::Applications::Events::EventProperty::to_string [0x00007FF7EFDD45BD+279981]
	simdutf::get_active_implementation [0x00007FF7EFA178C1+409457]
	simdutf::get_active_implementation [0x00007FF7EFA12BA4+389716]
	simdutf::get_active_implementation [0x00007FF7EFA12CE9+390041]
	simdutf::get_active_implementation [0x00007FF7EFA062E6+338326]
	BaseThreadInitThunk [0x00007FFCF940E8D7+23]
	RtlUserThreadStart [0x00007FFCFA0FBF2C+44]

2025-02-26 19:51:19,774 - WARNING - ID 4 数据为空
2025-02-26 19:51:19,784 - WARNING - ID 9 抓取失败: Message: 
Stacktrace:
	GetHandleVerifier [0x00007FF7EFA8E735+13397]
	Microsoft::Applications::Events::EventProperty::empty [0x00007FF7EFD1B1B4+2060276]
	Microsoft::Applications::Events::EventProperty::empty [0x00007FF7EFC72338+1368440]
	(No symbol) [0x00007FF7EF8632A9]
	(No symbol) [0x00007FF7EF86349B]
	(No symbol) [0x00007FF7EF8A40E7]
	(No symbol) [0x00007FF7EF88429F]
	(No symbol) [0x00007FF7EF85964D]
	(No symbol) [0x00007FF7EF8A1C00]
	(No symbol) [0x00007FF7EF883FC3]
	(No symbol) [0x00007FF7EF858B96]
	(No symbol) [0x00007FF7EF857E50]
	(No symbol) [0x00007FF7EF8589C3]
	(No symbol) [0x00007FF7EF8E0214]
	(No symbol) [0x00007FF7EF9706CF]
	(No symbol) [0x00007FF7EF8E3A53]
	Microsoft::Applications::Events::EventProperty::to_string [0x00007FF7EFDD45BD+279981]
	simdutf::get_active_implementation [0x00007FF7EFA178C1+409457]
	simdutf::get_active_implementation [0x00007FF7EFA12BA4+389716]
	simdutf::get_active_implementation [0x00007FF7EFA12CE9+390041]
	simdutf::get_active_implementation [0x00007FF7EFA062E6+338326]
	BaseThreadInitThunk [0x00007FFCF940E8D7+23]
	RtlUserThreadStart [0x00007FFCFA0FBF2C+44]

2025-02-26 19:51:19,785 - WARNING - ID 9 数据为空
2025-02-26 19:51:19,785 - INFO - 所有爬取任务已完成
2025-02-26 20:20:40,764 - WARNING - Connection pool is full, discarding connection: localhost. Connection pool size: 1
2025-02-26 20:20:40,991 - WARNING - Connection pool is full, discarding connection: localhost. Connection pool size: 1
2025-02-26 20:20:41,278 - WARNING - Connection pool is full, discarding connection: localhost. Connection pool size: 1
2025-02-26 20:20:41,785 - WARNING - Connection pool is full, discarding connection: localhost. Connection pool size: 1
2025-02-26 20:20:42,470 - WARNING - Connection pool is full, discarding connection: localhost. Connection pool size: 1
2025-02-26 20:20:42,530 - WARNING - Connection pool is full, discarding connection: localhost. Connection pool size: 1
2025-02-26 20:20:42,797 - WARNING - Connection pool is full, discarding connection: localhost. Connection pool size: 1
2025-02-26 20:20:43,038 - WARNING - Connection pool is full, discarding connection: localhost. Connection pool size: 1
2025-02-26 20:20:44,314 - WARNING - Connection pool is full, discarding connection: localhost. Connection pool size: 1
2025-02-26 20:20:44,500 - WARNING - Connection pool is full, discarding connection: localhost. Connection pool size: 1
2025-02-26 20:20:44,555 - WARNING - Connection pool is full, discarding connection: localhost. Connection pool size: 1
2025-02-26 20:20:44,822 - WARNING - Connection pool is full, discarding connection: localhost. Connection pool size: 1
2025-02-26 20:20:45,012 - WARNING - Connection pool is full, discarding connection: localhost. Connection pool size: 1
2025-02-26 20:20:45,066 - WARNING - Connection pool is full, discarding connection: localhost. Connection pool size: 1
2025-02-26 20:20:45,835 - WARNING - Connection pool is full, discarding connection: localhost. Connection pool size: 1
2025-02-26 20:20:47,034 - WARNING - Connection pool is full, discarding connection: localhost. Connection pool size: 1
2025-02-26 20:20:47,352 - WARNING - Connection pool is full, discarding connection: localhost. Connection pool size: 1
2025-02-26 20:20:47,541 - WARNING - Connection pool is full, discarding connection: localhost. Connection pool size: 1
2025-02-26 20:20:48,048 - WARNING - Connection pool is full, discarding connection: localhost. Connection pool size: 1
2025-02-26 20:20:49,059 - WARNING - Connection pool is full, discarding connection: localhost. Connection pool size: 1
2025-02-26 20:20:49,110 - WARNING - Connection pool is full, discarding connection: localhost. Connection pool size: 1
2025-02-26 20:20:49,388 - WARNING - Connection pool is full, discarding connection: localhost. Connection pool size: 1
2025-02-26 20:20:50,071 - WARNING - Connection pool is full, discarding connection: localhost. Connection pool size: 1
2025-02-26 20:20:50,121 - WARNING - Connection pool is full, discarding connection: localhost. Connection pool size: 1
2025-02-26 20:20:50,577 - WARNING - Connection pool is full, discarding connection: localhost. Connection pool size: 1
2025-02-26 20:20:51,638 - WARNING - Connection pool is full, discarding connection: localhost. Connection pool size: 1
2025-02-26 20:20:52,092 - WARNING - Connection pool is full, discarding connection: localhost. Connection pool size: 1
2025-02-26 20:20:52,648 - WARNING - Connection pool is full, discarding connection: localhost. Connection pool size: 1
2025-02-26 20:20:53,102 - WARNING - Connection pool is full, discarding connection: localhost. Connection pool size: 1
2025-02-26 20:20:53,155 - WARNING - Connection pool is full, discarding connection: localhost. Connection pool size: 1
2025-02-26 20:20:53,632 - WARNING - Connection pool is full, discarding connection: localhost. Connection pool size: 1
2025-02-26 20:20:53,662 - WARNING - Connection pool is full, discarding connection: localhost. Connection pool size: 1
2025-02-26 20:20:54,185 - WARNING - Connection pool is full, discarding connection: localhost. Connection pool size: 1
2025-02-26 20:21:00,491 - WARNING - ID 1 抓取失败: Message: 
Stacktrace:
	GetHandleVerifier [0x00007FF7EFA8E735+13397]
	Microsoft::Applications::Events::EventProperty::empty [0x00007FF7EFD1B1B4+2060276]
	Microsoft::Applications::Events::EventProperty::empty [0x00007FF7EFC72338+1368440]
	(No symbol) [0x00007FF7EF8632A9]
	(No symbol) [0x00007FF7EF86349B]
	(No symbol) [0x00007FF7EF8A40E7]
	(No symbol) [0x00007FF7EF88429F]
	(No symbol) [0x00007FF7EF85964D]
	(No symbol) [0x00007FF7EF8A1C00]
	(No symbol) [0x00007FF7EF883FC3]
	(No symbol) [0x00007FF7EF858B96]
	(No symbol) [0x00007FF7EF857E50]
	(No symbol) [0x00007FF7EF8589C3]
	(No symbol) [0x00007FF7EF8E0214]
	(No symbol) [0x00007FF7EF9706CF]
	(No symbol) [0x00007FF7EF8E3A53]
	Microsoft::Applications::Events::EventProperty::to_string [0x00007FF7EFDD45BD+279981]
	simdutf::get_active_implementation [0x00007FF7EFA178C1+409457]
	simdutf::get_active_implementation [0x00007FF7EFA12BA4+389716]
	simdutf::get_active_implementation [0x00007FF7EFA12CE9+390041]
	simdutf::get_active_implementation [0x00007FF7EFA062E6+338326]
	BaseThreadInitThunk [0x00007FFCF940E8D7+23]
	RtlUserThreadStart [0x00007FFCFA0FBF2C+44]

2025-02-26 20:21:00,491 - WARNING - ID 1 数据为空
2025-02-26 20:21:00,742 - WARNING - ID 6 抓取失败: Message: 
Stacktrace:
	GetHandleVerifier [0x00007FF7EFA8E735+13397]
	Microsoft::Applications::Events::EventProperty::empty [0x00007FF7EFD1B1B4+2060276]
	Microsoft::Applications::Events::EventProperty::empty [0x00007FF7EFC72338+1368440]
	(No symbol) [0x00007FF7EF8632A9]
	(No symbol) [0x00007FF7EF86349B]
	(No symbol) [0x00007FF7EF8A40E7]
	(No symbol) [0x00007FF7EF88429F]
	(No symbol) [0x00007FF7EF85964D]
	(No symbol) [0x00007FF7EF8A1C00]
	(No symbol) [0x00007FF7EF883FC3]
	(No symbol) [0x00007FF7EF858B96]
	(No symbol) [0x00007FF7EF857E50]
	(No symbol) [0x00007FF7EF8589C3]
	(No symbol) [0x00007FF7EF8E0214]
	(No symbol) [0x00007FF7EF9706CF]
	(No symbol) [0x00007FF7EF8E3A53]
	Microsoft::Applications::Events::EventProperty::to_string [0x00007FF7EFDD45BD+279981]
	simdutf::get_active_implementation [0x00007FF7EFA178C1+409457]
	simdutf::get_active_implementation [0x00007FF7EFA12BA4+389716]
	simdutf::get_active_implementation [0x00007FF7EFA12CE9+390041]
	simdutf::get_active_implementation [0x00007FF7EFA062E6+338326]
	BaseThreadInitThunk [0x00007FFCF940E8D7+23]
	RtlUserThreadStart [0x00007FFCFA0FBF2C+44]

2025-02-26 20:21:00,742 - WARNING - ID 6 数据为空
2025-02-26 20:21:01,039 - WARNING - ID 4 抓取失败: Message: 
Stacktrace:
	GetHandleVerifier [0x00007FF7EFA8E735+13397]
	Microsoft::Applications::Events::EventProperty::empty [0x00007FF7EFD1B1B4+2060276]
	Microsoft::Applications::Events::EventProperty::empty [0x00007FF7EFC72338+1368440]
	(No symbol) [0x00007FF7EF8632A9]
	(No symbol) [0x00007FF7EF86349B]
	(No symbol) [0x00007FF7EF8A40E7]
	(No symbol) [0x00007FF7EF88429F]
	(No symbol) [0x00007FF7EF85964D]
	(No symbol) [0x00007FF7EF8A1C00]
	(No symbol) [0x00007FF7EF883FC3]
	(No symbol) [0x00007FF7EF858B96]
	(No symbol) [0x00007FF7EF857E50]
	(No symbol) [0x00007FF7EF8589C3]
	(No symbol) [0x00007FF7EF8E0214]
	(No symbol) [0x00007FF7EF9706CF]
	(No symbol) [0x00007FF7EF8E3A53]
	Microsoft::Applications::Events::EventProperty::to_string [0x00007FF7EFDD45BD+279981]
	simdutf::get_active_implementation [0x00007FF7EFA178C1+409457]
	simdutf::get_active_implementation [0x00007FF7EFA12BA4+389716]
	simdutf::get_active_implementation [0x00007FF7EFA12CE9+390041]
	simdutf::get_active_implementation [0x00007FF7EFA062E6+338326]
	BaseThreadInitThunk [0x00007FFCF940E8D7+23]
	RtlUserThreadStart [0x00007FFCFA0FBF2C+44]

2025-02-26 20:21:01,039 - WARNING - ID 4 数据为空
2025-02-26 20:21:01,269 - WARNING - ID 3 抓取失败: Message: 
Stacktrace:
	GetHandleVerifier [0x00007FF7EFA8E735+13397]
	Microsoft::Applications::Events::EventProperty::empty [0x00007FF7EFD1B1B4+2060276]
	Microsoft::Applications::Events::EventProperty::empty [0x00007FF7EFC72338+1368440]
	(No symbol) [0x00007FF7EF8632A9]
	(No symbol) [0x00007FF7EF86349B]
	(No symbol) [0x00007FF7EF8A40E7]
	(No symbol) [0x00007FF7EF88429F]
	(No symbol) [0x00007FF7EF85964D]
	(No symbol) [0x00007FF7EF8A1C00]
	(No symbol) [0x00007FF7EF883FC3]
	(No symbol) [0x00007FF7EF858B96]
	(No symbol) [0x00007FF7EF857E50]
	(No symbol) [0x00007FF7EF8589C3]
	(No symbol) [0x00007FF7EF8E0214]
	(No symbol) [0x00007FF7EF9706CF]
	(No symbol) [0x00007FF7EF8E3A53]
	Microsoft::Applications::Events::EventProperty::to_string [0x00007FF7EFDD45BD+279981]
	simdutf::get_active_implementation [0x00007FF7EFA178C1+409457]
	simdutf::get_active_implementation [0x00007FF7EFA12BA4+389716]
	simdutf::get_active_implementation [0x00007FF7EFA12CE9+390041]
	simdutf::get_active_implementation [0x00007FF7EFA062E6+338326]
	BaseThreadInitThunk [0x00007FFCF940E8D7+23]
	RtlUserThreadStart [0x00007FFCFA0FBF2C+44]

2025-02-26 20:21:01,269 - WARNING - ID 3 数据为空
2025-02-26 20:21:01,697 - WARNING - ID 7 抓取失败: Message: 
Stacktrace:
	GetHandleVerifier [0x00007FF7EFA8E735+13397]
	Microsoft::Applications::Events::EventProperty::empty [0x00007FF7EFD1B1B4+2060276]
	Microsoft::Applications::Events::EventProperty::empty [0x00007FF7EFC72338+1368440]
	(No symbol) [0x00007FF7EF8632A9]
	(No symbol) [0x00007FF7EF86349B]
	(No symbol) [0x00007FF7EF8A40E7]
	(No symbol) [0x00007FF7EF88429F]
	(No symbol) [0x00007FF7EF85964D]
	(No symbol) [0x00007FF7EF8A1C00]
	(No symbol) [0x00007FF7EF883FC3]
	(No symbol) [0x00007FF7EF858B96]
	(No symbol) [0x00007FF7EF857E50]
	(No symbol) [0x00007FF7EF8589C3]
	(No symbol) [0x00007FF7EF8E0214]
	(No symbol) [0x00007FF7EF9706CF]
	(No symbol) [0x00007FF7EF8E3A53]
	Microsoft::Applications::Events::EventProperty::to_string [0x00007FF7EFDD45BD+279981]
	simdutf::get_active_implementation [0x00007FF7EFA178C1+409457]
	simdutf::get_active_implementation [0x00007FF7EFA12BA4+389716]
	simdutf::get_active_implementation [0x00007FF7EFA12CE9+390041]
	simdutf::get_active_implementation [0x00007FF7EFA062E6+338326]
	BaseThreadInitThunk [0x00007FFCF940E8D7+23]
	RtlUserThreadStart [0x00007FFCFA0FBF2C+44]

2025-02-26 20:21:01,697 - WARNING - ID 7 数据为空
2025-02-26 20:21:02,757 - WARNING - ID 9 抓取失败: Message: 
Stacktrace:
	GetHandleVerifier [0x00007FF7EFA8E735+13397]
	Microsoft::Applications::Events::EventProperty::empty [0x00007FF7EFD1B1B4+2060276]
	Microsoft::Applications::Events::EventProperty::empty [0x00007FF7EFC72338+1368440]
	(No symbol) [0x00007FF7EF8632A9]
	(No symbol) [0x00007FF7EF86349B]
	(No symbol) [0x00007FF7EF8A40E7]
	(No symbol) [0x00007FF7EF88429F]
	(No symbol) [0x00007FF7EF85964D]
	(No symbol) [0x00007FF7EF8A1C00]
	(No symbol) [0x00007FF7EF883FC3]
	(No symbol) [0x00007FF7EF858B96]
	(No symbol) [0x00007FF7EF857E50]
	(No symbol) [0x00007FF7EF8589C3]
	(No symbol) [0x00007FF7EF8E0214]
	(No symbol) [0x00007FF7EF9706CF]
	(No symbol) [0x00007FF7EF8E3A53]
	Microsoft::Applications::Events::EventProperty::to_string [0x00007FF7EFDD45BD+279981]
	simdutf::get_active_implementation [0x00007FF7EFA178C1+409457]
	simdutf::get_active_implementation [0x00007FF7EFA12BA4+389716]
	simdutf::get_active_implementation [0x00007FF7EFA12CE9+390041]
	simdutf::get_active_implementation [0x00007FF7EFA062E6+338326]
	BaseThreadInitThunk [0x00007FFCF940E8D7+23]
	RtlUserThreadStart [0x00007FFCFA0FBF2C+44]

2025-02-26 20:21:02,757 - WARNING - ID 9 数据为空
2025-02-26 20:21:02,757 - INFO - 所有爬取任务已完成
