2025-02-27 17:50:06,930 - ERROR - *******获取贷款公司失败********
2025-02-27 20:03:56,526 - ERROR - *******获取贷款公司失败********
2025-02-27 21:14:48,124 - ERROR - *******获取信托公司失败********
2025-02-27 21:16:53,029 - ERROR - *******获取信托公司失败********
2025-02-27 21:17:10,798 - ERROR - *******获取财务公司失败********
2025-02-27 21:17:19,082 - ERROR - *******获取金融租赁公司失败********
2025-02-27 21:17:37,397 - ERROR - *******获取汽车金融公司失败********
2025-02-27 21:17:38,386 - ERROR - *******获取货币经纪公司失败********
2025-02-27 21:17:40,014 - ERROR - *******获取贷款公司失败********
2025-02-27 21:27:45,983 - ERROR - *******获取信托公司失败********
2025-02-27 21:30:23,394 - ERROR - *******获取信托公司失败********
2025-02-27 21:30:48,110 - ERROR - *******获取财务公司失败********
2025-02-27 21:30:53,951 - ERROR - *******获取金融租赁公司失败********
2025-02-27 21:31:26,198 - ERROR - *******获取汽车金融公司失败********
2025-02-27 21:31:27,543 - ERROR - *******获取货币经纪公司失败********
2025-02-28 00:21:03,653 - ERROR - *******获取货币经纪公司失败********
2025-02-28 00:21:58,861 - ERROR - *******获取货币经纪公司失败********
2025-02-28 00:23:55,799 - ERROR - *******获取货币经纪公司失败********
2025-02-28 00:27:34,060 - ERROR - *******获取货币经纪公司失败********
2025-03-01 00:09:01,446 - ERROR - 获取超时,id109410,请手动拉取
2025-03-01 00:09:01,528 - ERROR - 获取超时,id145444,请手动拉取
2025-03-01 00:09:06,358 - ERROR - 获取超时,id109407,请手动拉取
2025-03-01 00:09:06,367 - ERROR - 获取超时,id252128,请手动拉取
2025-03-01 00:09:10,836 - ERROR - 获取超时,id145459,请手动拉取
2025-03-01 00:09:10,838 - ERROR - 获取超时,id34226,请手动拉取
2025-03-01 00:09:10,838 - ERROR - 获取超时,id145470,请手动拉取
2025-03-01 00:09:20,837 - ERROR - 获取超时,id252132,请手动拉取
2025-03-01 00:09:25,841 - ERROR - 获取超时,id252129,请手动拉取
2025-03-01 00:09:35,839 - ERROR - 获取超时,id252130,请手动拉取
2025-03-01 00:10:05,722 - ERROR - 获取超时,id34147,请手动拉取
2025-03-01 00:10:05,729 - ERROR - 获取超时,id34181,请手动拉取
2025-03-01 00:10:05,785 - ERROR - 获取超时,id244651,请手动拉取
2025-03-01 00:10:05,806 - ERROR - 获取超时,id244670,请手动拉取
2025-03-01 00:10:05,820 - ERROR - 获取超时,id244694,请手动拉取
2025-03-01 00:10:05,823 - ERROR - 获取超时,id244680,请手动拉取
2025-03-01 00:10:05,906 - ERROR - 获取超时,id244647,请手动拉取
2025-03-01 00:10:05,929 - ERROR - 获取超时,id244660,请手动拉取
2025-03-01 00:10:05,936 - ERROR - 获取超时,id244695,请手动拉取
2025-03-01 00:10:05,951 - ERROR - 获取超时,id244659,请手动拉取
2025-03-01 00:10:05,976 - ERROR - 获取超时,id244661,请手动拉取
2025-03-01 00:10:05,981 - ERROR - 获取超时,id35664,请手动拉取
2025-03-01 00:10:05,983 - ERROR - 获取超时,id244681,请手动拉取
2025-03-01 06:00:31,593 - ERROR - 获取列表失败,start:80160
2025-03-01 06:00:32,127 - ERROR - 获取列表失败,start:80170
2025-03-01 06:00:32,130 - ERROR - 获取列表失败,start:79750
2025-03-01 06:00:32,487 - ERROR - 获取列表失败,start:80180
2025-03-01 06:00:32,896 - ERROR - 获取列表失败,start:80190
2025-03-01 06:00:33,469 - ERROR - 获取列表失败,start:79690
2025-03-01 06:00:33,488 - ERROR - 获取列表失败,start:80200
2025-03-01 06:00:33,500 - ERROR - 获取列表失败,start:80210
2025-03-01 06:00:33,799 - ERROR - 获取列表失败,start:80220
2025-03-01 06:00:34,227 - ERROR - 获取列表失败,start:80230
2025-03-01 06:00:34,789 - ERROR - 获取列表失败,start:80240
2025-03-01 06:00:34,793 - ERROR - 获取列表失败,start:80250
2025-03-01 06:00:34,809 - ERROR - 获取列表失败,start:80260
2025-03-01 06:00:35,136 - ERROR - 获取列表失败,start:80270
2025-03-01 06:00:35,528 - ERROR - 获取列表失败,start:80280
2025-03-01 06:00:36,105 - ERROR - 获取列表失败,start:80290
2025-03-01 06:00:36,126 - ERROR - 获取列表失败,start:80310
2025-03-01 06:00:36,195 - ERROR - 获取列表失败,start:80300
2025-03-01 08:02:48,646 - ERROR - 获取列表失败,start:111710
2025-03-01 08:02:53,437 - ERROR - 获取列表失败,start:111580
2025-03-01 08:02:56,503 - ERROR - 获取列表失败,start:111740
2025-03-01 08:03:17,404 - ERROR - 获取列表失败,start:111690
2025-03-01 08:03:18,503 - ERROR - 获取列表失败,start:111720
2025-03-01 08:03:26,775 - ERROR - 获取列表失败,start:111200
2025-03-01 08:03:37,385 - ERROR - 获取列表失败,start:111700
2025-03-01 08:03:40,298 - ERROR - 获取列表失败,start:111730
2025-03-01 08:04:28,739 - ERROR - 获取列表失败,start:111750
2025-03-01 08:04:33,535 - ERROR - 获取列表失败,start:111760
2025-03-01 08:04:36,618 - ERROR - 获取列表失败,start:111770
2025-03-01 08:04:57,513 - ERROR - 获取列表失败,start:111780
2025-03-01 08:04:58,683 - ERROR - 获取列表失败,start:111790
2025-03-01 08:05:06,995 - ERROR - 获取列表失败,start:111800
2025-03-01 08:05:17,504 - ERROR - 获取列表失败,start:111810
2025-03-01 08:05:20,472 - ERROR - 获取列表失败,start:111820
2025-03-01 08:06:08,855 - ERROR - 获取列表失败,start:111830
2025-03-01 08:06:13,654 - ERROR - 获取列表失败,start:111840
2025-03-01 08:06:16,754 - ERROR - 获取列表失败,start:111850
2025-03-01 08:06:37,589 - ERROR - 获取列表失败,start:111860
2025-03-01 08:06:38,892 - ERROR - 获取列表失败,start:111870
2025-03-01 08:06:47,201 - ERROR - 获取列表失败,start:111880
2025-03-01 08:06:57,668 - ERROR - 获取列表失败,start:111890
2025-03-01 08:07:00,662 - ERROR - 获取列表失败,start:111900
2025-03-01 08:07:48,992 - ERROR - 获取列表失败,start:111910
2025-03-01 08:07:53,763 - ERROR - 获取列表失败,start:111920
2025-03-01 08:07:58,044 - ERROR - 获取列表失败,start:111930
2025-03-01 08:08:18,054 - ERROR - 获取列表失败,start:111940
2025-03-01 08:08:18,990 - ERROR - 获取列表失败,start:111950
2025-03-01 08:08:28,067 - ERROR - 获取列表失败,start:111960
2025-03-01 08:08:38,076 - ERROR - 获取列表失败,start:111970
2025-03-01 08:08:40,847 - ERROR - 获取列表失败,start:111980
2025-03-01 08:09:29,091 - ERROR - 获取列表失败,start:111990
2025-03-01 08:09:33,970 - ERROR - 获取列表失败,start:112000
2025-03-01 08:09:38,154 - ERROR - 获取列表失败,start:112010
2025-03-01 08:09:58,159 - ERROR - 获取列表失败,start:112020
2025-03-01 08:09:59,112 - ERROR - 获取列表失败,start:112030
2025-03-01 08:10:08,143 - ERROR - 获取列表失败,start:112040
2025-03-01 08:10:18,150 - ERROR - 获取列表失败,start:112050
2025-03-01 08:10:20,989 - ERROR - 获取列表失败,start:112060
2025-03-01 08:11:09,186 - ERROR - 获取列表失败,start:112070
2025-03-01 08:11:14,168 - ERROR - 获取列表失败,start:112080
2025-03-01 08:11:18,272 - ERROR - 获取列表失败,start:112090
2025-03-01 08:11:38,268 - ERROR - 获取列表失败,start:112100
2025-03-01 08:11:39,207 - ERROR - 获取列表失败,start:112110
2025-03-01 08:11:48,213 - ERROR - 获取列表失败,start:112120
2025-03-01 08:11:58,220 - ERROR - 获取列表失败,start:112130
2025-03-01 08:12:01,094 - ERROR - 获取列表失败,start:112140
2025-03-01 08:12:49,390 - ERROR - 获取列表失败,start:112150
2025-03-01 08:12:54,274 - ERROR - 获取列表失败,start:112160
2025-03-01 08:12:58,377 - ERROR - 获取列表失败,start:112170
2025-03-01 08:13:18,349 - ERROR - 获取列表失败,start:112180
2025-03-01 08:13:19,307 - ERROR - 获取列表失败,start:112190
2025-03-01 08:13:28,339 - ERROR - 获取列表失败,start:112200
2025-03-01 08:13:38,321 - ERROR - 获取列表失败,start:112210
2025-03-01 08:13:41,266 - ERROR - 获取列表失败,start:112220
2025-03-01 08:14:29,521 - ERROR - 获取列表失败,start:112230
2025-03-01 08:14:34,401 - ERROR - 获取列表失败,start:112240
2025-03-01 08:14:38,483 - ERROR - 获取列表失败,start:112250
2025-03-01 08:14:58,435 - ERROR - 获取列表失败,start:112260
2025-03-01 08:14:59,435 - ERROR - 获取列表失败,start:112270
2025-03-01 08:15:08,441 - ERROR - 获取列表失败,start:112280
2025-03-01 08:15:18,428 - ERROR - 获取列表失败,start:112290
2025-03-01 08:15:21,433 - ERROR - 获取列表失败,start:112300
2025-03-01 08:16:09,616 - ERROR - 获取列表失败,start:112310
2025-03-01 08:16:14,510 - ERROR - 获取列表失败,start:112320
2025-03-01 08:16:18,576 - ERROR - 获取列表失败,start:112330
2025-03-01 08:16:38,535 - ERROR - 获取列表失败,start:112340
2025-03-01 08:16:39,561 - ERROR - 获取列表失败,start:112350
2025-03-01 08:16:48,595 - ERROR - 获取列表失败,start:112360
2025-03-01 08:16:58,593 - ERROR - 获取列表失败,start:112370
2025-03-01 08:17:01,603 - ERROR - 获取列表失败,start:112380
2025-03-01 08:17:49,706 - ERROR - 获取列表失败,start:112390
2025-03-01 08:17:54,617 - ERROR - 获取列表失败,start:112400
2025-03-01 08:17:58,643 - ERROR - 获取列表失败,start:112410
2025-03-01 08:18:18,658 - ERROR - 获取列表失败,start:112420
2025-03-01 08:18:19,701 - ERROR - 获取列表失败,start:112430
2025-03-01 08:18:28,693 - ERROR - 获取列表失败,start:112440
2025-03-01 08:18:38,675 - ERROR - 获取列表失败,start:112450
2025-03-01 08:18:41,741 - ERROR - 获取列表失败,start:112460
2025-03-01 08:19:29,785 - ERROR - 获取列表失败,start:112470
2025-03-01 08:19:34,710 - ERROR - 获取列表失败,start:112480
2025-03-01 08:19:38,742 - ERROR - 获取列表失败,start:112490
2025-03-01 08:19:58,757 - ERROR - 获取列表失败,start:112500
2025-03-01 08:19:59,777 - ERROR - 获取列表失败,start:112510
2025-03-01 08:20:08,765 - ERROR - 获取列表失败,start:112520
2025-03-01 08:20:18,773 - ERROR - 获取列表失败,start:112530
2025-03-01 08:20:21,854 - ERROR - 获取列表失败,start:112540
2025-03-01 08:21:09,916 - ERROR - 获取列表失败,start:112550
2025-03-01 08:21:14,839 - ERROR - 获取列表失败,start:112560
2025-03-01 08:21:18,852 - ERROR - 获取列表失败,start:112570
2025-03-01 08:21:38,862 - ERROR - 获取列表失败,start:112580
2025-03-01 08:21:39,855 - ERROR - 获取列表失败,start:112590
2025-03-01 08:21:48,832 - ERROR - 获取列表失败,start:112600
2025-03-01 08:21:58,904 - ERROR - 获取列表失败,start:112610
2025-03-01 08:22:02,012 - ERROR - 获取列表失败,start:112620
2025-03-01 08:22:50,005 - ERROR - 获取列表失败,start:112630
2025-03-01 08:22:54,941 - ERROR - 获取列表失败,start:112640
2025-03-01 08:22:58,927 - ERROR - 获取列表失败,start:112650
2025-03-01 08:23:18,953 - ERROR - 获取列表失败,start:112660
2025-03-01 08:23:19,948 - ERROR - 获取列表失败,start:112670
2025-03-01 08:23:28,909 - ERROR - 获取列表失败,start:112680
2025-03-01 08:23:39,028 - ERROR - 获取列表失败,start:112690
2025-03-01 08:23:42,170 - ERROR - 获取列表失败,start:112700
2025-03-01 08:24:30,110 - ERROR - 获取列表失败,start:112710
2025-03-01 08:24:35,075 - ERROR - 获取列表失败,start:112720
2025-03-01 08:24:39,082 - ERROR - 获取列表失败,start:112730
2025-03-01 08:24:59,082 - ERROR - 获取列表失败,start:112740
2025-03-01 08:25:00,084 - ERROR - 获取列表失败,start:112750
2025-03-01 08:25:09,021 - ERROR - 获取列表失败,start:112760
2025-03-01 08:25:19,128 - ERROR - 获取列表失败,start:112770
2025-03-01 08:25:22,258 - ERROR - 获取列表失败,start:112780
2025-03-01 08:26:10,192 - ERROR - 获取列表失败,start:112790
2025-03-01 08:26:15,209 - ERROR - 获取列表失败,start:112800
2025-03-01 08:26:19,158 - ERROR - 获取列表失败,start:112810
2025-03-01 08:26:39,199 - ERROR - 获取列表失败,start:112820
2025-03-01 08:26:40,213 - ERROR - 获取列表失败,start:112830
2025-03-01 08:26:49,134 - ERROR - 获取列表失败,start:112840
2025-03-01 08:26:59,270 - ERROR - 获取列表失败,start:112850
2025-03-01 08:27:02,378 - ERROR - 获取列表失败,start:112860
2025-03-01 08:27:50,309 - ERROR - 获取列表失败,start:112870
2025-03-01 08:27:55,298 - ERROR - 获取列表失败,start:112880
2025-03-01 08:27:59,305 - ERROR - 获取列表失败,start:112890
2025-03-01 08:28:19,352 - ERROR - 获取列表失败,start:112900
2025-03-01 08:28:20,316 - ERROR - 获取列表失败,start:112910
2025-03-01 08:28:29,217 - ERROR - 获取列表失败,start:112920
2025-03-01 08:28:39,352 - ERROR - 获取列表失败,start:112930
2025-03-01 08:28:42,466 - ERROR - 获取列表失败,start:112940
2025-03-01 08:29:30,490 - ERROR - 获取列表失败,start:112950
2025-03-01 08:29:35,454 - ERROR - 获取列表失败,start:112960
2025-03-01 08:29:39,425 - ERROR - 获取列表失败,start:112970
2025-03-01 08:29:59,424 - ERROR - 获取列表失败,start:112980
2025-03-01 08:30:00,415 - ERROR - 获取列表失败,start:112990
2025-03-01 08:30:09,379 - ERROR - 获取列表失败,start:113000
2025-03-01 08:30:19,470 - ERROR - 获取列表失败,start:113010
2025-03-01 08:30:22,553 - ERROR - 获取列表失败,start:113020
2025-03-01 08:31:10,557 - ERROR - 获取列表失败,start:113030
2025-03-01 08:31:15,624 - ERROR - 获取列表失败,start:113040
2025-03-01 08:31:19,502 - ERROR - 获取列表失败,start:113050
2025-03-01 08:31:39,518 - ERROR - 获取列表失败,start:113060
2025-03-01 08:31:40,510 - ERROR - 获取列表失败,start:113070
2025-03-01 08:31:49,510 - ERROR - 获取列表失败,start:113080
2025-03-01 08:31:59,575 - ERROR - 获取列表失败,start:113090
2025-03-01 08:32:02,668 - ERROR - 获取列表失败,start:113100
2025-03-01 08:32:50,706 - ERROR - 获取列表失败,start:113110
2025-03-01 08:32:55,680 - ERROR - 获取列表失败,start:113120
2025-03-01 08:32:59,589 - ERROR - 获取列表失败,start:113130
2025-03-01 08:33:19,655 - ERROR - 获取列表失败,start:113140
2025-03-01 08:33:20,692 - ERROR - 获取列表失败,start:113150
2025-03-01 08:33:29,596 - ERROR - 获取列表失败,start:113160
2025-03-01 08:33:39,685 - ERROR - 获取列表失败,start:113170
2025-03-01 08:33:42,824 - ERROR - 获取列表失败,start:113180
2025-03-01 08:34:30,807 - ERROR - 获取列表失败,start:113190
2025-03-01 08:34:35,800 - ERROR - 获取列表失败,start:113200
2025-03-01 08:34:39,726 - ERROR - 获取列表失败,start:113210
2025-03-01 08:34:59,719 - ERROR - 获取列表失败,start:113220
2025-03-01 08:35:00,824 - ERROR - 获取列表失败,start:113230
2025-03-01 08:35:09,763 - ERROR - 获取列表失败,start:113240
2025-03-01 08:35:19,796 - ERROR - 获取列表失败,start:113250
2025-03-01 08:35:22,962 - ERROR - 获取列表失败,start:113260
2025-03-01 08:36:10,917 - ERROR - 获取列表失败,start:113270
2025-03-01 08:36:15,906 - ERROR - 获取列表失败,start:113280
2025-03-01 08:36:19,814 - ERROR - 获取列表失败,start:113290
2025-03-01 08:36:39,840 - ERROR - 获取列表失败,start:113300
2025-03-01 08:36:40,941 - ERROR - 获取列表失败,start:113310
2025-03-01 08:36:49,862 - ERROR - 获取列表失败,start:113320
2025-03-01 08:36:59,863 - ERROR - 获取列表失败,start:113330
2025-03-01 08:37:03,089 - ERROR - 获取列表失败,start:113340
2025-03-01 08:37:50,994 - ERROR - 获取列表失败,start:113350
2025-03-01 08:37:56,016 - ERROR - 获取列表失败,start:113360
2025-03-01 08:37:59,926 - ERROR - 获取列表失败,start:113370
2025-03-01 08:38:19,969 - ERROR - 获取列表失败,start:113380
2025-03-01 08:38:21,055 - ERROR - 获取列表失败,start:113390
2025-03-01 08:38:29,993 - ERROR - 获取列表失败,start:113400
2025-03-01 08:38:39,930 - ERROR - 获取列表失败,start:113410
2025-03-01 08:38:43,212 - ERROR - 获取列表失败,start:113420
2025-03-01 08:39:31,191 - ERROR - 获取列表失败,start:113430
2025-03-01 08:39:36,167 - ERROR - 获取列表失败,start:113440
2025-03-01 08:39:40,007 - ERROR - 获取列表失败,start:113450
2025-03-01 08:40:00,072 - ERROR - 获取列表失败,start:113460
2025-03-01 08:40:01,165 - ERROR - 获取列表失败,start:113470
2025-03-01 08:40:10,059 - ERROR - 获取列表失败,start:113480
2025-03-01 08:40:20,032 - ERROR - 获取列表失败,start:113490
2025-03-01 08:40:23,423 - ERROR - 获取列表失败,start:113500
2025-03-01 08:41:11,286 - ERROR - 获取列表失败,start:113510
2025-03-01 08:41:16,270 - ERROR - 获取列表失败,start:113520
2025-03-01 08:41:20,143 - ERROR - 获取列表失败,start:113530
2025-03-01 08:41:40,218 - ERROR - 获取列表失败,start:113540
2025-03-01 08:41:41,279 - ERROR - 获取列表失败,start:113550
2025-03-01 08:41:50,149 - ERROR - 获取列表失败,start:113560
2025-03-01 08:42:00,202 - ERROR - 获取列表失败,start:113570
2025-03-01 08:42:03,557 - ERROR - 获取列表失败,start:113580
2025-03-01 08:42:51,410 - ERROR - 获取列表失败,start:113590
2025-03-01 08:42:56,334 - ERROR - 获取列表失败,start:113600
2025-03-01 08:43:00,277 - ERROR - 获取列表失败,start:113610
2025-03-01 08:43:20,315 - ERROR - 获取列表失败,start:113620
2025-03-01 08:43:21,435 - ERROR - 获取列表失败,start:113630
2025-03-01 08:43:30,309 - ERROR - 获取列表失败,start:113640
2025-03-01 08:43:40,335 - ERROR - 获取列表失败,start:113650
2025-03-01 08:43:43,701 - ERROR - 获取列表失败,start:113660
2025-03-01 08:44:31,480 - ERROR - 获取列表失败,start:113670
2025-03-01 08:44:36,464 - ERROR - 获取列表失败,start:113680
2025-03-01 08:44:40,404 - ERROR - 获取列表失败,start:113690
2025-03-01 08:45:00,395 - ERROR - 获取列表失败,start:113700
2025-03-01 08:45:01,494 - ERROR - 获取列表失败,start:113710
2025-03-01 08:45:10,415 - ERROR - 获取列表失败,start:113720
2025-03-01 08:45:20,403 - ERROR - 获取列表失败,start:113730
2025-03-01 08:45:23,862 - ERROR - 获取列表失败,start:113740
2025-03-01 08:46:11,561 - ERROR - 获取列表失败,start:113750
2025-03-01 08:46:16,565 - ERROR - 获取列表失败,start:113760
2025-03-01 08:46:20,476 - ERROR - 获取列表失败,start:113770
2025-03-01 08:46:40,477 - ERROR - 获取列表失败,start:113780
2025-03-01 08:46:41,565 - ERROR - 获取列表失败,start:113790
2025-03-01 08:46:50,564 - ERROR - 获取列表失败,start:113800
2025-03-01 08:47:00,488 - ERROR - 获取列表失败,start:113810
2025-03-01 08:47:04,024 - ERROR - 获取列表失败,start:113820
2025-03-01 08:47:51,667 - ERROR - 获取列表失败,start:113830
2025-03-01 08:47:56,672 - ERROR - 获取列表失败,start:113840
2025-03-01 08:48:00,582 - ERROR - 获取列表失败,start:113850
2025-03-01 08:48:20,557 - ERROR - 获取列表失败,start:113860
2025-03-01 08:48:21,694 - ERROR - 获取列表失败,start:113870
2025-03-01 08:48:30,692 - ERROR - 获取列表失败,start:113880
2025-03-01 08:48:40,556 - ERROR - 获取列表失败,start:113890
2025-03-01 08:48:44,162 - ERROR - 获取列表失败,start:113900
2025-03-01 08:49:31,763 - ERROR - 获取列表失败,start:113910
2025-03-01 08:49:36,802 - ERROR - 获取列表失败,start:113920
2025-03-01 08:49:40,710 - ERROR - 获取列表失败,start:113930
2025-03-01 08:50:00,717 - ERROR - 获取列表失败,start:113940
2025-03-01 08:50:01,785 - ERROR - 获取列表失败,start:113950
2025-03-01 08:50:10,783 - ERROR - 获取列表失败,start:113960
2025-03-01 08:50:20,733 - ERROR - 获取列表失败,start:113970
2025-03-01 08:50:24,297 - ERROR - 获取列表失败,start:113980
2025-03-01 08:51:11,848 - ERROR - 获取列表失败,start:113990
2025-03-01 08:51:16,910 - ERROR - 获取列表失败,start:114000
2025-03-01 08:51:20,828 - ERROR - 获取列表失败,start:114010
2025-03-01 08:51:40,832 - ERROR - 获取列表失败,start:114020
2025-03-01 08:51:41,870 - ERROR - 获取列表失败,start:114030
2025-03-01 08:51:50,839 - ERROR - 获取列表失败,start:114040
2025-03-01 08:52:00,826 - ERROR - 获取列表失败,start:114050
2025-03-01 08:52:04,480 - ERROR - 获取列表失败,start:114060
2025-03-01 08:52:51,984 - ERROR - 获取列表失败,start:114070
2025-03-01 08:52:57,016 - ERROR - 获取列表失败,start:114080
2025-03-01 08:53:00,933 - ERROR - 获取列表失败,start:114090
2025-03-01 08:53:20,929 - ERROR - 获取列表失败,start:114100
2025-03-01 08:53:22,022 - ERROR - 获取列表失败,start:114110
2025-03-01 08:53:30,991 - ERROR - 获取列表失败,start:114120
2025-03-01 08:53:40,944 - ERROR - 获取列表失败,start:114130
2025-03-01 08:53:44,637 - ERROR - 获取列表失败,start:114140
2025-03-01 08:54:32,116 - ERROR - 获取列表失败,start:114150
2025-03-01 08:54:37,142 - ERROR - 获取列表失败,start:114160
2025-03-01 08:54:41,034 - ERROR - 获取列表失败,start:114170
2025-03-01 08:55:01,063 - ERROR - 获取列表失败,start:114180
2025-03-01 08:55:02,137 - ERROR - 获取列表失败,start:114190
2025-03-01 08:55:11,039 - ERROR - 获取列表失败,start:114200
2025-03-01 08:55:21,024 - ERROR - 获取列表失败,start:114210
2025-03-01 08:55:24,779 - ERROR - 获取列表失败,start:114220
2025-03-01 08:56:12,224 - ERROR - 获取列表失败,start:114230
2025-03-01 08:56:17,219 - ERROR - 获取列表失败,start:114240
2025-03-01 08:56:21,126 - ERROR - 获取列表失败,start:114250
2025-03-01 08:56:41,140 - ERROR - 获取列表失败,start:114260
2025-03-01 08:56:42,256 - ERROR - 获取列表失败,start:114270
2025-03-01 08:56:51,113 - ERROR - 获取列表失败,start:114280
2025-03-01 08:57:01,109 - ERROR - 获取列表失败,start:114290
2025-03-01 08:57:04,938 - ERROR - 获取列表失败,start:114300
2025-03-01 08:57:52,362 - ERROR - 获取列表失败,start:114310
2025-03-01 08:57:57,341 - ERROR - 获取列表失败,start:114320
2025-03-01 08:58:01,248 - ERROR - 获取列表失败,start:114330
2025-03-01 08:58:21,252 - ERROR - 获取列表失败,start:114340
2025-03-01 08:58:22,424 - ERROR - 获取列表失败,start:114350
2025-03-01 08:58:31,256 - ERROR - 获取列表失败,start:114360
2025-03-01 08:58:41,270 - ERROR - 获取列表失败,start:114370
2025-03-01 08:58:45,155 - ERROR - 获取列表失败,start:114380
2025-03-01 08:59:32,468 - ERROR - 获取列表失败,start:114390
2025-03-01 08:59:37,469 - ERROR - 获取列表失败,start:114400
2025-03-01 08:59:41,338 - ERROR - 获取列表失败,start:114410
2025-03-01 09:00:01,327 - ERROR - 获取列表失败,start:114420
2025-03-01 09:00:02,501 - ERROR - 获取列表失败,start:114430
2025-03-01 09:00:11,334 - ERROR - 获取列表失败,start:114440
2025-03-01 09:00:21,366 - ERROR - 获取列表失败,start:114450
2025-03-01 09:00:25,330 - ERROR - 获取列表失败,start:114460
2025-03-01 09:01:12,551 - ERROR - 获取列表失败,start:114470
2025-03-01 09:01:17,545 - ERROR - 获取列表失败,start:114480
2025-03-01 09:01:21,418 - ERROR - 获取列表失败,start:114490
2025-03-01 09:01:41,453 - ERROR - 获取列表失败,start:114500
2025-03-01 09:01:42,570 - ERROR - 获取列表失败,start:114510
2025-03-01 09:01:51,448 - ERROR - 获取列表失败,start:114520
2025-03-01 09:02:01,455 - ERROR - 获取列表失败,start:114530
2025-03-01 09:02:05,548 - ERROR - 获取列表失败,start:114540
2025-03-01 09:02:52,665 - ERROR - 获取列表失败,start:114550
2025-03-01 09:02:57,653 - ERROR - 获取列表失败,start:114560
2025-03-01 09:03:01,541 - ERROR - 获取列表失败,start:114570
2025-03-01 09:03:21,559 - ERROR - 获取列表失败,start:114580
2025-03-01 09:03:22,712 - ERROR - 获取列表失败,start:114590
2025-03-01 09:03:31,581 - ERROR - 获取列表失败,start:114600
2025-03-01 09:03:41,577 - ERROR - 获取列表失败,start:114610
2025-03-01 09:03:45,713 - ERROR - 获取列表失败,start:114620
2025-03-01 09:04:32,762 - ERROR - 获取列表失败,start:114630
2025-03-01 09:04:37,748 - ERROR - 获取列表失败,start:114640
2025-03-01 09:04:41,643 - ERROR - 获取列表失败,start:114650
2025-03-01 09:05:01,659 - ERROR - 获取列表失败,start:114660
2025-03-01 09:05:02,765 - ERROR - 获取列表失败,start:114670
2025-03-01 09:05:11,679 - ERROR - 获取列表失败,start:114680
2025-03-01 09:05:21,707 - ERROR - 获取列表失败,start:114690
2025-03-01 09:05:25,827 - ERROR - 获取列表失败,start:114700
2025-03-01 09:06:12,852 - ERROR - 获取列表失败,start:114710
2025-03-01 09:06:17,841 - ERROR - 获取列表失败,start:114720
2025-03-01 09:06:21,749 - ERROR - 获取列表失败,start:114730
2025-03-01 09:06:41,768 - ERROR - 获取列表失败,start:114740
2025-03-01 09:06:42,865 - ERROR - 获取列表失败,start:114750
2025-03-01 09:06:51,777 - ERROR - 获取列表失败,start:114760
2025-03-01 09:07:01,811 - ERROR - 获取列表失败,start:114770
2025-03-01 09:07:05,984 - ERROR - 获取列表失败,start:114780
2025-03-01 09:07:52,982 - ERROR - 获取列表失败,start:114790
2025-03-01 09:07:57,947 - ERROR - 获取列表失败,start:114800
2025-03-01 09:08:01,848 - ERROR - 获取列表失败,start:114810
2025-03-01 09:08:21,863 - ERROR - 获取列表失败,start:114820
2025-03-01 09:08:22,994 - ERROR - 获取列表失败,start:114830
2025-03-01 09:08:31,871 - ERROR - 获取列表失败,start:114840
2025-03-01 09:08:41,866 - ERROR - 获取列表失败,start:114850
2025-03-01 09:08:46,130 - ERROR - 获取列表失败,start:114860
2025-03-01 09:09:33,050 - ERROR - 获取列表失败,start:114870
2025-03-01 09:09:38,067 - ERROR - 获取列表失败,start:114880
2025-03-01 09:09:41,978 - ERROR - 获取列表失败,start:114890
2025-03-01 09:10:02,095 - ERROR - 获取列表失败,start:114900
2025-03-01 09:10:03,139 - ERROR - 获取列表失败,start:114910
2025-03-01 09:10:11,954 - ERROR - 获取列表失败,start:114920
2025-03-01 09:10:21,982 - ERROR - 获取列表失败,start:114930
2025-03-01 09:10:26,255 - ERROR - 获取列表失败,start:114940
2025-03-01 09:11:13,170 - ERROR - 获取列表失败,start:114950
2025-03-01 09:11:18,216 - ERROR - 获取列表失败,start:114960
2025-03-01 09:11:22,105 - ERROR - 获取列表失败,start:114970
2025-03-01 09:11:42,191 - ERROR - 获取列表失败,start:114980
2025-03-01 09:11:43,237 - ERROR - 获取列表失败,start:114990
2025-03-01 09:11:52,113 - ERROR - 获取列表失败,start:115000
2025-03-01 09:12:02,120 - ERROR - 获取列表失败,start:115010
2025-03-01 09:12:06,392 - ERROR - 获取列表失败,start:115020
2025-03-01 09:12:53,301 - ERROR - 获取列表失败,start:115030
2025-03-01 09:12:58,342 - ERROR - 获取列表失败,start:115040
2025-03-01 09:13:02,179 - ERROR - 获取列表失败,start:115050
2025-03-01 09:13:22,275 - ERROR - 获取列表失败,start:115060
2025-03-01 09:13:23,321 - ERROR - 获取列表失败,start:115070
2025-03-01 09:13:32,173 - ERROR - 获取列表失败,start:115080
2025-03-01 09:13:42,270 - ERROR - 获取列表失败,start:115090
2025-03-01 09:13:46,548 - ERROR - 获取列表失败,start:115100
2025-03-01 09:14:33,432 - ERROR - 获取列表失败,start:115110
2025-03-01 09:14:38,437 - ERROR - 获取列表失败,start:115120
2025-03-01 09:14:42,263 - ERROR - 获取列表失败,start:115130
2025-03-01 09:15:02,343 - ERROR - 获取列表失败,start:115140
2025-03-01 09:15:03,474 - ERROR - 获取列表失败,start:115150
2025-03-01 09:15:12,237 - ERROR - 获取列表失败,start:115160
2025-03-01 09:15:22,355 - ERROR - 获取列表失败,start:115170
2025-03-01 09:15:26,678 - ERROR - 获取列表失败,start:115180
2025-03-01 09:16:13,572 - ERROR - 获取列表失败,start:115190
2025-03-01 09:16:18,576 - ERROR - 获取列表失败,start:115200
2025-03-01 09:16:22,359 - ERROR - 获取列表失败,start:115210
2025-03-01 09:16:42,450 - ERROR - 获取列表失败,start:115220
2025-03-01 09:16:43,593 - ERROR - 获取列表失败,start:115230
2025-03-01 09:16:52,447 - ERROR - 获取列表失败,start:115240
2025-03-01 09:17:02,420 - ERROR - 获取列表失败,start:115250
2025-03-01 09:17:06,809 - ERROR - 获取列表失败,start:115260
2025-03-01 09:17:53,654 - ERROR - 获取列表失败,start:115270
2025-03-01 09:17:58,634 - ERROR - 获取列表失败,start:115280
2025-03-01 09:18:02,450 - ERROR - 获取列表失败,start:115290
2025-03-01 09:18:22,523 - ERROR - 获取列表失败,start:115300
2025-03-01 09:18:23,650 - ERROR - 获取列表失败,start:115310
2025-03-01 09:18:32,578 - ERROR - 获取列表失败,start:115320
2025-03-01 09:18:42,515 - ERROR - 获取列表失败,start:115330
2025-03-01 09:18:47,064 - ERROR - 获取列表失败,start:115340
2025-03-01 09:19:33,767 - ERROR - 获取列表失败,start:115350
2025-03-01 09:19:38,732 - ERROR - 获取列表失败,start:115360
2025-03-01 09:19:42,555 - ERROR - 获取列表失败,start:115370
2025-03-01 09:20:02,592 - ERROR - 获取列表失败,start:115380
2025-03-01 09:20:03,796 - ERROR - 获取列表失败,start:115390
2025-03-01 09:20:12,639 - ERROR - 获取列表失败,start:115400
2025-03-01 09:20:22,632 - ERROR - 获取列表失败,start:115410
2025-03-01 09:20:27,188 - ERROR - 获取列表失败,start:115420
2025-03-01 09:21:13,818 - ERROR - 获取列表失败,start:115430
2025-03-01 09:21:18,841 - ERROR - 获取列表失败,start:115440
2025-03-01 09:21:22,681 - ERROR - 获取列表失败,start:115450
2025-03-01 09:21:42,707 - ERROR - 获取列表失败,start:115460
2025-03-01 09:21:43,860 - ERROR - 获取列表失败,start:115470
2025-03-01 09:21:52,712 - ERROR - 获取列表失败,start:115480
2025-03-01 09:22:02,707 - ERROR - 获取列表失败,start:115490
2025-03-01 09:22:07,335 - ERROR - 获取列表失败,start:115500
2025-03-01 09:22:53,945 - ERROR - 获取列表失败,start:115510
2025-03-01 09:22:58,926 - ERROR - 获取列表失败,start:115520
2025-03-01 09:23:02,763 - ERROR - 获取列表失败,start:115530
2025-03-01 09:23:22,816 - ERROR - 获取列表失败,start:115540
2025-03-01 09:23:23,992 - ERROR - 获取列表失败,start:115550
2025-03-01 09:23:32,824 - ERROR - 获取列表失败,start:115560
2025-03-01 09:23:42,786 - ERROR - 获取列表失败,start:115570
2025-03-01 09:23:47,562 - ERROR - 获取列表失败,start:115580
2025-03-01 09:24:34,018 - ERROR - 获取列表失败,start:115590
2025-03-01 09:24:39,062 - ERROR - 获取列表失败,start:115600
2025-03-01 09:24:42,862 - ERROR - 获取列表失败,start:115610
2025-03-01 09:25:02,949 - ERROR - 获取列表失败,start:115620
2025-03-01 09:25:04,120 - ERROR - 获取列表失败,start:115630
2025-03-01 09:25:12,914 - ERROR - 获取列表失败,start:115640
2025-03-01 09:25:22,849 - ERROR - 获取列表失败,start:115650
2025-03-01 09:25:27,650 - ERROR - 获取列表失败,start:115660
2025-03-01 09:26:14,166 - ERROR - 获取列表失败,start:115670
2025-03-01 09:26:19,194 - ERROR - 获取列表失败,start:115680
2025-03-01 09:26:22,921 - ERROR - 获取列表失败,start:115690
2025-03-01 09:26:43,049 - ERROR - 获取列表失败,start:115700
2025-03-01 09:26:44,209 - ERROR - 获取列表失败,start:115710
2025-03-01 09:26:53,029 - ERROR - 获取列表失败,start:115720
2025-03-01 09:27:02,942 - ERROR - 获取列表失败,start:115730
2025-03-01 09:27:07,755 - ERROR - 获取列表失败,start:115740
2025-03-01 09:27:54,283 - ERROR - 获取列表失败,start:115750
2025-03-01 09:27:59,295 - ERROR - 获取列表失败,start:115760
2025-03-01 09:28:03,019 - ERROR - 获取列表失败,start:115770
2025-03-01 09:28:23,131 - ERROR - 获取列表失败,start:115780
2025-03-01 09:28:24,308 - ERROR - 获取列表失败,start:115790
2025-03-01 09:28:33,137 - ERROR - 获取列表失败,start:115800
2025-03-01 09:28:43,053 - ERROR - 获取列表失败,start:115810
2025-03-01 09:28:47,954 - ERROR - 获取列表失败,start:115820
2025-03-01 09:29:34,403 - ERROR - 获取列表失败,start:115830
2025-03-01 09:29:39,434 - ERROR - 获取列表失败,start:115840
2025-03-01 09:29:43,170 - ERROR - 获取列表失败,start:115850
2025-03-01 09:30:03,239 - ERROR - 获取列表失败,start:115860
2025-03-01 09:30:04,434 - ERROR - 获取列表失败,start:115870
2025-03-01 09:30:13,221 - ERROR - 获取列表失败,start:115880
2025-03-01 09:30:23,138 - ERROR - 获取列表失败,start:115890
2025-03-01 09:30:28,111 - ERROR - 获取列表失败,start:115900
2025-03-01 09:31:14,478 - ERROR - 获取列表失败,start:115910
2025-03-01 09:31:19,516 - ERROR - 获取列表失败,start:115920
2025-03-01 09:31:23,262 - ERROR - 获取列表失败,start:115930
2025-03-01 09:31:43,327 - ERROR - 获取列表失败,start:115940
2025-03-01 09:31:44,509 - ERROR - 获取列表失败,start:115950
2025-03-01 09:31:53,353 - ERROR - 获取列表失败,start:115960
2025-03-01 09:32:03,247 - ERROR - 获取列表失败,start:115970
2025-03-01 09:32:08,241 - ERROR - 获取列表失败,start:115980
2025-03-01 09:32:54,629 - ERROR - 获取列表失败,start:115990
2025-03-01 09:32:59,624 - ERROR - 获取列表失败,start:116000
2025-03-01 09:33:03,375 - ERROR - 获取列表失败,start:116010
2025-03-01 09:33:23,467 - ERROR - 获取列表失败,start:116020
2025-03-01 09:33:24,612 - ERROR - 获取列表失败,start:116030
2025-03-01 09:33:33,430 - ERROR - 获取列表失败,start:116040
2025-03-01 09:33:43,343 - ERROR - 获取列表失败,start:116050
2025-03-01 09:33:48,418 - ERROR - 获取列表失败,start:116060
2025-03-01 09:34:34,747 - ERROR - 获取列表失败,start:116070
2025-03-01 09:34:39,686 - ERROR - 获取列表失败,start:116080
2025-03-01 09:34:43,452 - ERROR - 获取列表失败,start:116090
2025-03-01 09:35:03,520 - ERROR - 获取列表失败,start:116100
2025-03-01 09:35:04,727 - ERROR - 获取列表失败,start:116110
2025-03-01 09:35:13,517 - ERROR - 获取列表失败,start:116120
2025-03-01 09:35:23,457 - ERROR - 获取列表失败,start:116130
2025-03-01 09:35:28,498 - ERROR - 获取列表失败,start:116140
2025-03-01 09:36:14,854 - ERROR - 获取列表失败,start:116150
2025-03-01 09:36:19,800 - ERROR - 获取列表失败,start:116160
2025-03-01 09:36:23,557 - ERROR - 获取列表失败,start:116170
2025-03-01 09:36:43,599 - ERROR - 获取列表失败,start:116180
2025-03-01 09:36:44,826 - ERROR - 获取列表失败,start:116190
2025-03-01 09:36:53,635 - ERROR - 获取列表失败,start:116200
2025-03-01 09:37:03,527 - ERROR - 获取列表失败,start:116210
2025-03-01 09:37:08,560 - ERROR - 获取列表失败,start:116220
2025-03-01 09:37:54,991 - ERROR - 获取列表失败,start:116230
2025-03-01 09:37:59,892 - ERROR - 获取列表失败,start:116240
2025-03-01 09:38:03,641 - ERROR - 获取列表失败,start:116250
2025-03-01 09:38:23,682 - ERROR - 获取列表失败,start:116260
2025-03-01 09:38:24,929 - ERROR - 获取列表失败,start:116270
2025-03-01 09:38:33,716 - ERROR - 获取列表失败,start:116280
2025-03-01 09:38:43,670 - ERROR - 获取列表失败,start:116290
2025-03-01 09:38:48,675 - ERROR - 获取列表失败,start:116300
2025-03-01 09:39:35,075 - ERROR - 获取列表失败,start:116310
2025-03-01 09:39:40,028 - ERROR - 获取列表失败,start:116320
2025-03-01 09:39:43,765 - ERROR - 获取列表失败,start:116330
2025-03-01 09:40:03,748 - ERROR - 获取列表失败,start:116340
2025-03-01 09:40:05,049 - ERROR - 获取列表失败,start:116350
2025-03-01 09:40:13,883 - ERROR - 获取列表失败,start:116360
2025-03-01 09:40:23,767 - ERROR - 获取列表失败,start:116370
2025-03-01 09:40:28,770 - ERROR - 获取列表失败,start:116380
2025-03-01 09:41:15,209 - ERROR - 获取列表失败,start:116390
2025-03-01 09:41:20,114 - ERROR - 获取列表失败,start:116400
2025-03-01 09:41:23,843 - ERROR - 获取列表失败,start:116410
2025-03-01 09:41:43,872 - ERROR - 获取列表失败,start:116420
2025-03-01 09:41:45,201 - ERROR - 获取列表失败,start:116430
2025-03-01 09:41:54,000 - ERROR - 获取列表失败,start:116440
2025-03-01 09:42:03,864 - ERROR - 获取列表失败,start:116450
2025-03-01 09:42:08,867 - ERROR - 获取列表失败,start:116460
2025-03-01 09:42:55,304 - ERROR - 获取列表失败,start:116470
2025-03-01 09:43:00,266 - ERROR - 获取列表失败,start:116480
2025-03-01 09:43:03,924 - ERROR - 获取列表失败,start:116490
2025-03-01 09:43:23,949 - ERROR - 获取列表失败,start:116500
2025-03-01 09:43:25,298 - ERROR - 获取列表失败,start:116510
2025-03-01 09:43:34,103 - ERROR - 获取列表失败,start:116520
2025-03-01 09:43:43,952 - ERROR - 获取列表失败,start:116530
2025-03-01 09:43:49,012 - ERROR - 获取列表失败,start:116540
2025-03-01 09:44:35,359 - ERROR - 获取列表失败,start:116550
2025-03-01 09:44:40,406 - ERROR - 获取列表失败,start:116560
2025-03-01 09:44:44,018 - ERROR - 获取列表失败,start:116570
2025-03-01 09:45:04,120 - ERROR - 获取列表失败,start:116580
2025-03-01 09:45:05,422 - ERROR - 获取列表失败,start:116590
2025-03-01 09:45:14,203 - ERROR - 获取列表失败,start:116600
2025-03-01 09:45:24,074 - ERROR - 获取列表失败,start:116610
2025-03-01 09:45:29,105 - ERROR - 获取列表失败,start:116620
2025-03-01 09:46:15,510 - ERROR - 获取列表失败,start:116630
2025-03-01 09:46:20,513 - ERROR - 获取列表失败,start:116640
2025-03-01 09:46:24,110 - ERROR - 获取列表失败,start:116650
2025-03-01 09:46:44,251 - ERROR - 获取列表失败,start:116660
2025-03-01 09:46:45,549 - ERROR - 获取列表失败,start:116670
2025-03-01 09:46:54,286 - ERROR - 获取列表失败,start:116680
2025-03-01 09:47:04,155 - ERROR - 获取列表失败,start:116690
2025-03-01 09:47:09,205 - ERROR - 获取列表失败,start:116700
2025-03-01 09:47:55,633 - ERROR - 获取列表失败,start:116710
2025-03-01 09:48:00,634 - ERROR - 获取列表失败,start:116720
2025-03-01 09:48:04,188 - ERROR - 获取列表失败,start:116730
2025-03-01 09:48:24,356 - ERROR - 获取列表失败,start:116740
2025-03-01 09:48:25,657 - ERROR - 获取列表失败,start:116750
2025-03-01 09:48:34,376 - ERROR - 获取列表失败,start:116760
2025-03-01 09:48:44,218 - ERROR - 获取列表失败,start:116770
2025-03-01 09:48:49,351 - ERROR - 获取列表失败,start:116780
2025-03-01 09:49:35,762 - ERROR - 获取列表失败,start:116790
2025-03-01 09:49:40,710 - ERROR - 获取列表失败,start:116800
2025-03-01 09:49:44,290 - ERROR - 获取列表失败,start:116810
2025-03-01 09:50:04,463 - ERROR - 获取列表失败,start:116820
2025-03-01 09:50:05,744 - ERROR - 获取列表失败,start:116830
2025-03-01 09:50:14,483 - ERROR - 获取列表失败,start:116840
2025-03-01 09:50:24,316 - ERROR - 获取列表失败,start:116850
2025-03-01 09:50:29,439 - ERROR - 获取列表失败,start:116860
2025-03-01 09:51:15,888 - ERROR - 获取列表失败,start:116870
2025-03-01 09:51:20,824 - ERROR - 获取列表失败,start:116880
2025-03-01 09:51:24,368 - ERROR - 获取列表失败,start:116890
2025-03-01 09:51:44,552 - ERROR - 获取列表失败,start:116900
2025-03-01 09:51:45,848 - ERROR - 获取列表失败,start:116910
2025-03-01 09:51:54,559 - ERROR - 获取列表失败,start:116920
2025-03-01 09:52:04,429 - ERROR - 获取列表失败,start:116930
2025-03-01 09:52:09,526 - ERROR - 获取列表失败,start:116940
2025-03-01 09:52:55,988 - ERROR - 获取列表失败,start:116950
2025-03-01 09:53:00,960 - ERROR - 获取列表失败,start:116960
2025-03-01 09:53:04,593 - ERROR - 获取列表失败,start:116970
2025-03-01 09:53:24,656 - ERROR - 获取列表失败,start:116980
2025-03-01 09:53:25,998 - ERROR - 获取列表失败,start:116990
2025-03-01 09:53:34,673 - ERROR - 获取列表失败,start:117000
2025-03-01 09:53:44,560 - ERROR - 获取列表失败,start:117010
2025-03-01 09:53:49,611 - ERROR - 获取列表失败,start:117020
2025-03-01 09:54:36,117 - ERROR - 获取列表失败,start:117030
2025-03-01 09:54:41,055 - ERROR - 获取列表失败,start:117040
2025-03-01 09:54:44,740 - ERROR - 获取列表失败,start:117050
2025-03-01 09:55:04,755 - ERROR - 获取列表失败,start:117060
2025-03-01 09:55:06,086 - ERROR - 获取列表失败,start:117070
2025-03-01 09:55:14,777 - ERROR - 获取列表失败,start:117080
2025-03-01 09:55:24,677 - ERROR - 获取列表失败,start:117090
2025-03-01 09:55:29,741 - ERROR - 获取列表失败,start:117100
2025-03-01 09:56:16,186 - ERROR - 获取列表失败,start:117110
2025-03-01 09:56:21,190 - ERROR - 获取列表失败,start:117120
2025-03-01 09:56:24,821 - ERROR - 获取列表失败,start:117130
2025-03-01 09:56:44,826 - ERROR - 获取列表失败,start:117140
2025-03-01 09:56:46,220 - ERROR - 获取列表失败,start:117150
2025-03-01 09:56:54,866 - ERROR - 获取列表失败,start:117160
2025-03-01 09:57:04,818 - ERROR - 获取列表失败,start:117170
2025-03-01 09:57:09,835 - ERROR - 获取列表失败,start:117180
2025-03-01 09:57:56,332 - ERROR - 获取列表失败,start:117190
2025-03-01 09:58:01,311 - ERROR - 获取列表失败,start:117200
2025-03-01 09:58:04,903 - ERROR - 获取列表失败,start:117210
2025-03-01 09:58:24,946 - ERROR - 获取列表失败,start:117220
2025-03-01 09:58:26,326 - ERROR - 获取列表失败,start:117230
2025-03-01 09:58:34,952 - ERROR - 获取列表失败,start:117240
2025-03-01 09:58:44,931 - ERROR - 获取列表失败,start:117250
2025-03-01 09:58:49,977 - ERROR - 获取列表失败,start:117260
2025-03-01 09:59:36,420 - ERROR - 获取列表失败,start:117270
2025-03-01 09:59:41,421 - ERROR - 获取列表失败,start:117280
2025-03-01 09:59:44,999 - ERROR - 获取列表失败,start:117290
2025-03-01 10:00:05,041 - ERROR - 获取列表失败,start:117300
2025-03-01 10:00:06,439 - ERROR - 获取列表失败,start:117310
2025-03-01 10:00:15,025 - ERROR - 获取列表失败,start:117320
2025-03-01 10:00:25,032 - ERROR - 获取列表失败,start:117330
2025-03-01 10:00:30,058 - ERROR - 获取列表失败,start:117340
2025-03-01 10:01:16,536 - ERROR - 获取列表失败,start:117350
2025-03-01 10:01:21,511 - ERROR - 获取列表失败,start:117360
2025-03-01 10:01:25,091 - ERROR - 获取列表失败,start:117370
2025-03-01 10:01:45,141 - ERROR - 获取列表失败,start:117380
2025-03-01 10:01:46,593 - ERROR - 获取列表失败,start:117390
2025-03-01 10:01:55,122 - ERROR - 获取列表失败,start:117400
2025-03-01 10:02:05,107 - ERROR - 获取列表失败,start:117410
2025-03-01 10:02:10,167 - ERROR - 获取列表失败,start:117420
2025-03-01 10:02:56,618 - ERROR - 获取列表失败,start:117430
2025-03-01 10:03:01,622 - ERROR - 获取列表失败,start:117440
2025-03-01 10:03:05,163 - ERROR - 获取列表失败,start:117450
2025-03-01 10:03:25,263 - ERROR - 获取列表失败,start:117460
2025-03-01 10:03:26,729 - ERROR - 获取列表失败,start:117470
2025-03-01 10:03:35,203 - ERROR - 获取列表失败,start:117480
2025-03-01 10:03:45,158 - ERROR - 获取列表失败,start:117490
2025-03-01 10:03:50,286 - ERROR - 获取列表失败,start:117500
2025-03-01 10:04:36,749 - ERROR - 获取列表失败,start:117510
2025-03-01 10:04:41,727 - ERROR - 获取列表失败,start:117520
2025-03-01 10:04:45,233 - ERROR - 获取列表失败,start:117530
2025-03-01 10:05:05,351 - ERROR - 获取列表失败,start:117540
2025-03-01 10:05:06,856 - ERROR - 获取列表失败,start:117550
2025-03-01 10:05:15,267 - ERROR - 获取列表失败,start:117560
2025-03-01 10:05:25,231 - ERROR - 获取列表失败,start:117570
2025-03-01 10:05:30,430 - ERROR - 获取列表失败,start:117580
2025-03-01 10:06:16,852 - ERROR - 获取列表失败,start:117590
2025-03-01 10:06:21,849 - ERROR - 获取列表失败,start:117600
2025-03-01 10:06:25,299 - ERROR - 获取列表失败,start:117610
2025-03-01 10:06:45,473 - ERROR - 获取列表失败,start:117620
2025-03-01 10:06:46,958 - ERROR - 获取列表失败,start:117630
2025-03-01 10:06:55,357 - ERROR - 获取列表失败,start:117640
2025-03-01 10:07:05,324 - ERROR - 获取列表失败,start:117650
2025-03-01 10:07:10,524 - ERROR - 获取列表失败,start:117660
2025-03-01 10:07:56,992 - ERROR - 获取列表失败,start:117670
2025-03-01 10:08:01,960 - ERROR - 获取列表失败,start:117680
2025-03-01 10:08:05,394 - ERROR - 获取列表失败,start:117690
2025-03-01 10:08:25,551 - ERROR - 获取列表失败,start:117700
2025-03-01 10:08:27,093 - ERROR - 获取列表失败,start:117710
2025-03-01 10:08:35,435 - ERROR - 获取列表失败,start:117720
2025-03-01 10:08:45,421 - ERROR - 获取列表失败,start:117730
2025-03-01 10:08:50,638 - ERROR - 获取列表失败,start:117740
2025-03-01 10:09:37,104 - ERROR - 获取列表失败,start:117750
2025-03-01 10:09:42,098 - ERROR - 获取列表失败,start:117760
2025-03-01 10:09:45,488 - ERROR - 获取列表失败,start:117770
2025-03-01 10:10:05,608 - ERROR - 获取列表失败,start:117780
2025-03-01 10:10:07,180 - ERROR - 获取列表失败,start:117790
2025-03-01 10:10:15,529 - ERROR - 获取列表失败,start:117800
2025-03-01 10:10:25,518 - ERROR - 获取列表失败,start:117810
2025-03-01 10:10:30,730 - ERROR - 获取列表失败,start:117820
2025-03-01 10:11:17,182 - ERROR - 获取列表失败,start:117830
2025-03-01 10:11:22,238 - ERROR - 获取列表失败,start:117840
2025-03-01 10:11:25,616 - ERROR - 获取列表失败,start:117850
2025-03-01 10:11:45,688 - ERROR - 获取列表失败,start:117860
2025-03-01 10:11:47,273 - ERROR - 获取列表失败,start:117870
2025-03-01 10:11:55,652 - ERROR - 获取列表失败,start:117880
2025-03-01 10:12:05,689 - ERROR - 获取列表失败,start:117890
2025-03-01 10:12:10,806 - ERROR - 获取列表失败,start:117900
2025-03-01 10:12:57,309 - ERROR - 获取列表失败,start:117910
2025-03-01 10:13:02,289 - ERROR - 获取列表失败,start:117920
2025-03-01 10:13:05,736 - ERROR - 获取列表失败,start:117930
2025-03-01 10:13:25,779 - ERROR - 获取列表失败,start:117940
2025-03-01 10:13:27,407 - ERROR - 获取列表失败,start:117950
2025-03-01 10:13:35,786 - ERROR - 获取列表失败,start:117960
2025-03-01 10:13:45,794 - ERROR - 获取列表失败,start:117970
2025-03-01 10:13:50,859 - ERROR - 获取列表失败,start:117980
2025-03-01 10:14:37,431 - ERROR - 获取列表失败,start:117990
2025-03-01 10:14:42,421 - ERROR - 获取列表失败,start:118000
2025-03-01 10:14:45,853 - ERROR - 获取列表失败,start:118010
2025-03-01 10:15:05,889 - ERROR - 获取列表失败,start:118020
2025-03-01 10:15:07,455 - ERROR - 获取列表失败,start:118030
2025-03-01 10:15:15,870 - ERROR - 获取列表失败,start:118040
2025-03-01 10:15:25,882 - ERROR - 获取列表失败,start:118050
2025-03-01 10:15:30,955 - ERROR - 获取列表失败,start:118060
2025-03-01 10:16:17,526 - ERROR - 获取列表失败,start:118070
2025-03-01 10:16:22,572 - ERROR - 获取列表失败,start:118080
2025-03-01 10:16:25,922 - ERROR - 获取列表失败,start:118090
2025-03-01 10:16:45,969 - ERROR - 获取列表失败,start:118100
2025-03-01 10:16:47,587 - ERROR - 获取列表失败,start:118110
2025-03-01 10:16:53,910 - ERROR - 获取列表失败,start:118120
2025-03-01 10:16:58,689 - ERROR - 获取列表失败,start:118130
2025-03-01 10:17:03,933 - ERROR - 获取列表失败,start:118140
2025-03-01 10:17:49,192 - ERROR - 获取列表失败,start:118150
2025-03-01 10:17:54,741 - ERROR - 获取列表失败,start:118160
2025-03-01 10:17:58,668 - ERROR - 获取列表失败,start:118170
2025-03-01 14:57:21,844 - ERROR - *******获取商业银行失败********
2025-03-01 17:43:42,504 - WARNING - Retrying (Retry(total=2, connect=None, read=None, redirect=None, status=None)) after connection broken by 'NewConnectionError('<urllib3.connection.HTTPConnection object at 0x000002606A16E850>: Failed to establish a new connection: [WinError 10061] 由于目标计算机积极拒绝，无法连接。')': /session/eb151784aaa376ad17ca4734fab08184
2025-03-01 17:43:46,601 - WARNING - Retrying (Retry(total=1, connect=None, read=None, redirect=None, status=None)) after connection broken by 'NewConnectionError('<urllib3.connection.HTTPConnection object at 0x0000026067A2E650>: Failed to establish a new connection: [WinError 10061] 由于目标计算机积极拒绝，无法连接。')': /session/eb151784aaa376ad17ca4734fab08184
2025-03-01 17:43:50,680 - WARNING - Retrying (Retry(total=0, connect=None, read=None, redirect=None, status=None)) after connection broken by 'NewConnectionError('<urllib3.connection.HTTPConnection object at 0x0000026067A2E060>: Failed to establish a new connection: [WinError 10061] 由于目标计算机积极拒绝，无法连接。')': /session/eb151784aaa376ad17ca4734fab08184
2025-03-01 17:44:02,921 - WARNING - Retrying (Retry(total=2, connect=None, read=None, redirect=None, status=None)) after connection broken by 'NewConnectionError('<urllib3.connection.HTTPConnection object at 0x000002606799BCE0>: Failed to establish a new connection: [WinError 10061] 由于目标计算机积极拒绝，无法连接。')': /session/eb151784aaa376ad17ca4734fab08184
2025-03-01 17:44:07,001 - WARNING - Retrying (Retry(total=1, connect=None, read=None, redirect=None, status=None)) after connection broken by 'NewConnectionError('<urllib3.connection.HTTPConnection object at 0x000002606799BBD0>: Failed to establish a new connection: [WinError 10061] 由于目标计算机积极拒绝，无法连接。')': /session/eb151784aaa376ad17ca4734fab08184
2025-03-01 17:44:11,073 - WARNING - Retrying (Retry(total=0, connect=None, read=None, redirect=None, status=None)) after connection broken by 'NewConnectionError('<urllib3.connection.HTTPConnection object at 0x000002606799AE00>: Failed to establish a new connection: [WinError 10061] 由于目标计算机积极拒绝，无法连接。')': /session/eb151784aaa376ad17ca4734fab08184
2025-03-01 17:44:23,329 - WARNING - Retrying (Retry(total=2, connect=None, read=None, redirect=None, status=None)) after connection broken by 'NewConnectionError('<urllib3.connection.HTTPConnection object at 0x000002606799AE00>: Failed to establish a new connection: [WinError 10061] 由于目标计算机积极拒绝，无法连接。')': /session/eb151784aaa376ad17ca4734fab08184
2025-03-01 17:44:27,389 - WARNING - Retrying (Retry(total=1, connect=None, read=None, redirect=None, status=None)) after connection broken by 'NewConnectionError('<urllib3.connection.HTTPConnection object at 0x0000026067999D00>: Failed to establish a new connection: [WinError 10061] 由于目标计算机积极拒绝，无法连接。')': /session/eb151784aaa376ad17ca4734fab08184
2025-03-01 17:44:31,475 - WARNING - Retrying (Retry(total=0, connect=None, read=None, redirect=None, status=None)) after connection broken by 'NewConnectionError('<urllib3.connection.HTTPConnection object at 0x000002606799A9C0>: Failed to establish a new connection: [WinError 10061] 由于目标计算机积极拒绝，无法连接。')': /session/eb151784aaa376ad17ca4734fab08184
2025-03-01 17:44:43,731 - WARNING - Retrying (Retry(total=2, connect=None, read=None, redirect=None, status=None)) after connection broken by 'NewConnectionError('<urllib3.connection.HTTPConnection object at 0x000002606799A9C0>: Failed to establish a new connection: [WinError 10061] 由于目标计算机积极拒绝，无法连接。')': /session/eb151784aaa376ad17ca4734fab08184
2025-03-01 17:44:47,804 - WARNING - Retrying (Retry(total=1, connect=None, read=None, redirect=None, status=None)) after connection broken by 'NewConnectionError('<urllib3.connection.HTTPConnection object at 0x000002606799BCE0>: Failed to establish a new connection: [WinError 10061] 由于目标计算机积极拒绝，无法连接。')': /session/eb151784aaa376ad17ca4734fab08184
2025-03-01 17:44:51,875 - WARNING - Retrying (Retry(total=0, connect=None, read=None, redirect=None, status=None)) after connection broken by 'NewConnectionError('<urllib3.connection.HTTPConnection object at 0x000002606799BBD0>: Failed to establish a new connection: [WinError 10061] 由于目标计算机积极拒绝，无法连接。')': /session/eb151784aaa376ad17ca4734fab08184
2025-03-01 17:45:04,146 - WARNING - Retrying (Retry(total=2, connect=None, read=None, redirect=None, status=None)) after connection broken by 'NewConnectionError('<urllib3.connection.HTTPConnection object at 0x000002606799B570>: Failed to establish a new connection: [WinError 10061] 由于目标计算机积极拒绝，无法连接。')': /session/eb151784aaa376ad17ca4734fab08184/url
2025-03-01 17:45:08,232 - WARNING - Retrying (Retry(total=1, connect=None, read=None, redirect=None, status=None)) after connection broken by 'NewConnectionError('<urllib3.connection.HTTPConnection object at 0x000002606799BCE0>: Failed to establish a new connection: [WinError 10061] 由于目标计算机积极拒绝，无法连接。')': /session/eb151784aaa376ad17ca4734fab08184/url
2025-03-01 17:45:12,314 - WARNING - Retrying (Retry(total=0, connect=None, read=None, redirect=None, status=None)) after connection broken by 'NewConnectionError('<urllib3.connection.HTTPConnection object at 0x000002606799A9C0>: Failed to establish a new connection: [WinError 10061] 由于目标计算机积极拒绝，无法连接。')': /session/eb151784aaa376ad17ca4734fab08184/url
2025-03-01 17:45:20,452 - WARNING - Retrying (Retry(total=2, connect=None, read=None, redirect=None, status=None)) after connection broken by 'NewConnectionError('<urllib3.connection.HTTPConnection object at 0x000002606A1F4160>: Failed to establish a new connection: [WinError 10061] 由于目标计算机积极拒绝，无法连接。')': /session/eb151784aaa376ad17ca4734fab08184
2025-03-01 17:45:24,527 - WARNING - Retrying (Retry(total=1, connect=None, read=None, redirect=None, status=None)) after connection broken by 'NewConnectionError('<urllib3.connection.HTTPConnection object at 0x000002606A1F48D0>: Failed to establish a new connection: [WinError 10061] 由于目标计算机积极拒绝，无法连接。')': /session/eb151784aaa376ad17ca4734fab08184
2025-03-01 17:45:28,624 - WARNING - Retrying (Retry(total=0, connect=None, read=None, redirect=None, status=None)) after connection broken by 'NewConnectionError('<urllib3.connection.HTTPConnection object at 0x000002606A1F4AF0>: Failed to establish a new connection: [WinError 10061] 由于目标计算机积极拒绝，无法连接。')': /session/eb151784aaa376ad17ca4734fab08184
2025-03-01 17:45:40,879 - WARNING - Retrying (Retry(total=2, connect=None, read=None, redirect=None, status=None)) after connection broken by 'NewConnectionError('<urllib3.connection.HTTPConnection object at 0x000002606799BDF0>: Failed to establish a new connection: [WinError 10061] 由于目标计算机积极拒绝，无法连接。')': /session/eb151784aaa376ad17ca4734fab08184
2025-03-01 17:45:44,947 - WARNING - Retrying (Retry(total=1, connect=None, read=None, redirect=None, status=None)) after connection broken by 'NewConnectionError('<urllib3.connection.HTTPConnection object at 0x000002606799BCE0>: Failed to establish a new connection: [WinError 10061] 由于目标计算机积极拒绝，无法连接。')': /session/eb151784aaa376ad17ca4734fab08184
2025-03-01 17:45:49,018 - WARNING - Retrying (Retry(total=0, connect=None, read=None, redirect=None, status=None)) after connection broken by 'NewConnectionError('<urllib3.connection.HTTPConnection object at 0x000002606799AE00>: Failed to establish a new connection: [WinError 10061] 由于目标计算机积极拒绝，无法连接。')': /session/eb151784aaa376ad17ca4734fab08184
2025-03-01 17:46:01,267 - WARNING - Retrying (Retry(total=2, connect=None, read=None, redirect=None, status=None)) after connection broken by 'NewConnectionError('<urllib3.connection.HTTPConnection object at 0x000002606799AE00>: Failed to establish a new connection: [WinError 10061] 由于目标计算机积极拒绝，无法连接。')': /session/eb151784aaa376ad17ca4734fab08184/url
2025-03-01 17:46:05,356 - WARNING - Retrying (Retry(total=1, connect=None, read=None, redirect=None, status=None)) after connection broken by 'NewConnectionError('<urllib3.connection.HTTPConnection object at 0x0000026067999D00>: Failed to establish a new connection: [WinError 10061] 由于目标计算机积极拒绝，无法连接。')': /session/eb151784aaa376ad17ca4734fab08184/url
2025-03-01 17:46:09,430 - WARNING - Retrying (Retry(total=0, connect=None, read=None, redirect=None, status=None)) after connection broken by 'NewConnectionError('<urllib3.connection.HTTPConnection object at 0x000002606799A9C0>: Failed to establish a new connection: [WinError 10061] 由于目标计算机积极拒绝，无法连接。')': /session/eb151784aaa376ad17ca4734fab08184/url
2025-03-01 17:46:17,565 - WARNING - Retrying (Retry(total=2, connect=None, read=None, redirect=None, status=None)) after connection broken by 'NewConnectionError('<urllib3.connection.HTTPConnection object at 0x000002606A26C380>: Failed to establish a new connection: [WinError 10061] 由于目标计算机积极拒绝，无法连接。')': /session/eb151784aaa376ad17ca4734fab08184
2025-03-01 17:46:21,639 - WARNING - Retrying (Retry(total=1, connect=None, read=None, redirect=None, status=None)) after connection broken by 'NewConnectionError('<urllib3.connection.HTTPConnection object at 0x000002606A26C5A0>: Failed to establish a new connection: [WinError 10061] 由于目标计算机积极拒绝，无法连接。')': /session/eb151784aaa376ad17ca4734fab08184
2025-03-01 17:46:25,725 - WARNING - Retrying (Retry(total=0, connect=None, read=None, redirect=None, status=None)) after connection broken by 'NewConnectionError('<urllib3.connection.HTTPConnection object at 0x000002606A26C7C0>: Failed to establish a new connection: [WinError 10061] 由于目标计算机积极拒绝，无法连接。')': /session/eb151784aaa376ad17ca4734fab08184
2025-03-01 17:46:37,960 - WARNING - Retrying (Retry(total=2, connect=None, read=None, redirect=None, status=None)) after connection broken by 'NewConnectionError('<urllib3.connection.HTTPConnection object at 0x000002606799BF00>: Failed to establish a new connection: [WinError 10061] 由于目标计算机积极拒绝，无法连接。')': /session/eb151784aaa376ad17ca4734fab08184
2025-03-01 17:46:42,021 - WARNING - Retrying (Retry(total=1, connect=None, read=None, redirect=None, status=None)) after connection broken by 'NewConnectionError('<urllib3.connection.HTTPConnection object at 0x0000026067999D00>: Failed to establish a new connection: [WinError 10061] 由于目标计算机积极拒绝，无法连接。')': /session/eb151784aaa376ad17ca4734fab08184
2025-03-01 17:46:46,088 - WARNING - Retrying (Retry(total=0, connect=None, read=None, redirect=None, status=None)) after connection broken by 'NewConnectionError('<urllib3.connection.HTTPConnection object at 0x000002606799AE00>: Failed to establish a new connection: [WinError 10061] 由于目标计算机积极拒绝，无法连接。')': /session/eb151784aaa376ad17ca4734fab08184
2025-03-01 17:46:58,294 - WARNING - Retrying (Retry(total=2, connect=None, read=None, redirect=None, status=None)) after connection broken by 'NewConnectionError('<urllib3.connection.HTTPConnection object at 0x000002606799B570>: Failed to establish a new connection: [WinError 10061] 由于目标计算机积极拒绝，无法连接。')': /session/eb151784aaa376ad17ca4734fab08184
2025-03-01 17:47:02,349 - WARNING - Retrying (Retry(total=1, connect=None, read=None, redirect=None, status=None)) after connection broken by 'NewConnectionError('<urllib3.connection.HTTPConnection object at 0x0000026067999D00>: Failed to establish a new connection: [WinError 10061] 由于目标计算机积极拒绝，无法连接。')': /session/eb151784aaa376ad17ca4734fab08184
2025-03-01 17:47:06,411 - WARNING - Retrying (Retry(total=0, connect=None, read=None, redirect=None, status=None)) after connection broken by 'NewConnectionError('<urllib3.connection.HTTPConnection object at 0x000002606799BF00>: Failed to establish a new connection: [WinError 10061] 由于目标计算机积极拒绝，无法连接。')': /session/eb151784aaa376ad17ca4734fab08184
2025-03-01 17:47:18,664 - WARNING - Retrying (Retry(total=2, connect=None, read=None, redirect=None, status=None)) after connection broken by 'NewConnectionError('<urllib3.connection.HTTPConnection object at 0x000002606799A9C0>: Failed to establish a new connection: [WinError 10061] 由于目标计算机积极拒绝，无法连接。')': /session/eb151784aaa376ad17ca4734fab08184/url
2025-03-01 17:47:22,747 - WARNING - Retrying (Retry(total=1, connect=None, read=None, redirect=None, status=None)) after connection broken by 'NewConnectionError('<urllib3.connection.HTTPConnection object at 0x0000026067999D00>: Failed to establish a new connection: [WinError 10061] 由于目标计算机积极拒绝，无法连接。')': /session/eb151784aaa376ad17ca4734fab08184/url
2025-03-01 17:47:26,828 - WARNING - Retrying (Retry(total=0, connect=None, read=None, redirect=None, status=None)) after connection broken by 'NewConnectionError('<urllib3.connection.HTTPConnection object at 0x000002606799B570>: Failed to establish a new connection: [WinError 10061] 由于目标计算机积极拒绝，无法连接。')': /session/eb151784aaa376ad17ca4734fab08184/url
2025-03-01 17:47:34,960 - WARNING - Retrying (Retry(total=2, connect=None, read=None, redirect=None, status=None)) after connection broken by 'NewConnectionError('<urllib3.connection.HTTPConnection object at 0x000002606A26C9E0>: Failed to establish a new connection: [WinError 10061] 由于目标计算机积极拒绝，无法连接。')': /session/eb151784aaa376ad17ca4734fab08184
2025-03-01 17:47:39,018 - WARNING - Retrying (Retry(total=1, connect=None, read=None, redirect=None, status=None)) after connection broken by 'NewConnectionError('<urllib3.connection.HTTPConnection object at 0x000002606A26C6B0>: Failed to establish a new connection: [WinError 10061] 由于目标计算机积极拒绝，无法连接。')': /session/eb151784aaa376ad17ca4734fab08184
2025-03-01 17:47:43,082 - WARNING - Retrying (Retry(total=0, connect=None, read=None, redirect=None, status=None)) after connection broken by 'NewConnectionError('<urllib3.connection.HTTPConnection object at 0x000002606A26C490>: Failed to establish a new connection: [WinError 10061] 由于目标计算机积极拒绝，无法连接。')': /session/eb151784aaa376ad17ca4734fab08184
2025-03-01 17:47:55,308 - WARNING - Retrying (Retry(total=2, connect=None, read=None, redirect=None, status=None)) after connection broken by 'NewConnectionError('<urllib3.connection.HTTPConnection object at 0x000002606799AE00>: Failed to establish a new connection: [WinError 10061] 由于目标计算机积极拒绝，无法连接。')': /session/eb151784aaa376ad17ca4734fab08184
2025-03-01 17:47:59,383 - WARNING - Retrying (Retry(total=1, connect=None, read=None, redirect=None, status=None)) after connection broken by 'NewConnectionError('<urllib3.connection.HTTPConnection object at 0x0000026067999D00>: Failed to establish a new connection: [WinError 10061] 由于目标计算机积极拒绝，无法连接。')': /session/eb151784aaa376ad17ca4734fab08184
2025-03-01 17:48:03,443 - WARNING - Retrying (Retry(total=0, connect=None, read=None, redirect=None, status=None)) after connection broken by 'NewConnectionError('<urllib3.connection.HTTPConnection object at 0x000002606799A9C0>: Failed to establish a new connection: [WinError 10061] 由于目标计算机积极拒绝，无法连接。')': /session/eb151784aaa376ad17ca4734fab08184
2025-03-01 17:48:15,729 - WARNING - Retrying (Retry(total=2, connect=None, read=None, redirect=None, status=None)) after connection broken by 'NewConnectionError('<urllib3.connection.HTTPConnection object at 0x000002606799BF00>: Failed to establish a new connection: [WinError 10061] 由于目标计算机积极拒绝，无法连接。')': /session/eb151784aaa376ad17ca4734fab08184
2025-03-01 17:48:19,823 - WARNING - Retrying (Retry(total=1, connect=None, read=None, redirect=None, status=None)) after connection broken by 'NewConnectionError('<urllib3.connection.HTTPConnection object at 0x0000026067999D00>: Failed to establish a new connection: [WinError 10061] 由于目标计算机积极拒绝，无法连接。')': /session/eb151784aaa376ad17ca4734fab08184
2025-03-01 17:48:23,899 - WARNING - Retrying (Retry(total=0, connect=None, read=None, redirect=None, status=None)) after connection broken by 'NewConnectionError('<urllib3.connection.HTTPConnection object at 0x000002606799AE00>: Failed to establish a new connection: [WinError 10061] 由于目标计算机积极拒绝，无法连接。')': /session/eb151784aaa376ad17ca4734fab08184
2025-03-01 17:48:36,211 - WARNING - Retrying (Retry(total=2, connect=None, read=None, redirect=None, status=None)) after connection broken by 'NewConnectionError('<urllib3.connection.HTTPConnection object at 0x000002606799B570>: Failed to establish a new connection: [WinError 10061] 由于目标计算机积极拒绝，无法连接。')': /session/eb151784aaa376ad17ca4734fab08184
2025-03-01 17:48:40,305 - WARNING - Retrying (Retry(total=1, connect=None, read=None, redirect=None, status=None)) after connection broken by 'NewConnectionError('<urllib3.connection.HTTPConnection object at 0x0000026067999D00>: Failed to establish a new connection: [WinError 10061] 由于目标计算机积极拒绝，无法连接。')': /session/eb151784aaa376ad17ca4734fab08184
2025-03-01 17:48:44,380 - WARNING - Retrying (Retry(total=0, connect=None, read=None, redirect=None, status=None)) after connection broken by 'NewConnectionError('<urllib3.connection.HTTPConnection object at 0x000002606799BF00>: Failed to establish a new connection: [WinError 10061] 由于目标计算机积极拒绝，无法连接。')': /session/eb151784aaa376ad17ca4734fab08184
2025-03-01 17:48:56,651 - WARNING - Retrying (Retry(total=2, connect=None, read=None, redirect=None, status=None)) after connection broken by 'NewConnectionError('<urllib3.connection.HTTPConnection object at 0x0000026067999D00>: Failed to establish a new connection: [WinError 10061] 由于目标计算机积极拒绝，无法连接。')': /session/eb151784aaa376ad17ca4734fab08184
2025-03-01 17:49:00,713 - WARNING - Retrying (Retry(total=1, connect=None, read=None, redirect=None, status=None)) after connection broken by 'NewConnectionError('<urllib3.connection.HTTPConnection object at 0x000002606799BDF0>: Failed to establish a new connection: [WinError 10061] 由于目标计算机积极拒绝，无法连接。')': /session/eb151784aaa376ad17ca4734fab08184
2025-03-01 17:49:04,771 - WARNING - Retrying (Retry(total=0, connect=None, read=None, redirect=None, status=None)) after connection broken by 'NewConnectionError('<urllib3.connection.HTTPConnection object at 0x000002606799AE00>: Failed to establish a new connection: [WinError 10061] 由于目标计算机积极拒绝，无法连接。')': /session/eb151784aaa376ad17ca4734fab08184
2025-03-01 17:49:17,032 - WARNING - Retrying (Retry(total=2, connect=None, read=None, redirect=None, status=None)) after connection broken by 'NewConnectionError('<urllib3.connection.HTTPConnection object at 0x000002606799BDF0>: Failed to establish a new connection: [WinError 10061] 由于目标计算机积极拒绝，无法连接。')': /session/eb151784aaa376ad17ca4734fab08184
2025-03-01 17:49:21,104 - WARNING - Retrying (Retry(total=1, connect=None, read=None, redirect=None, status=None)) after connection broken by 'NewConnectionError('<urllib3.connection.HTTPConnection object at 0x000002606799B570>: Failed to establish a new connection: [WinError 10061] 由于目标计算机积极拒绝，无法连接。')': /session/eb151784aaa376ad17ca4734fab08184
2025-03-01 17:49:25,167 - WARNING - Retrying (Retry(total=0, connect=None, read=None, redirect=None, status=None)) after connection broken by 'NewConnectionError('<urllib3.connection.HTTPConnection object at 0x000002606799BF00>: Failed to establish a new connection: [WinError 10061] 由于目标计算机积极拒绝，无法连接。')': /session/eb151784aaa376ad17ca4734fab08184
2025-03-01 17:49:37,427 - WARNING - Retrying (Retry(total=2, connect=None, read=None, redirect=None, status=None)) after connection broken by 'NewConnectionError('<urllib3.connection.HTTPConnection object at 0x000002606799B570>: Failed to establish a new connection: [WinError 10061] 由于目标计算机积极拒绝，无法连接。')': /session/eb151784aaa376ad17ca4734fab08184/url
2025-03-01 17:49:41,496 - WARNING - Retrying (Retry(total=1, connect=None, read=None, redirect=None, status=None)) after connection broken by 'NewConnectionError('<urllib3.connection.HTTPConnection object at 0x0000026067999D00>: Failed to establish a new connection: [WinError 10061] 由于目标计算机积极拒绝，无法连接。')': /session/eb151784aaa376ad17ca4734fab08184/url
2025-03-01 17:49:45,576 - WARNING - Retrying (Retry(total=0, connect=None, read=None, redirect=None, status=None)) after connection broken by 'NewConnectionError('<urllib3.connection.HTTPConnection object at 0x000002606799AE00>: Failed to establish a new connection: [WinError 10061] 由于目标计算机积极拒绝，无法连接。')': /session/eb151784aaa376ad17ca4734fab08184/url
2025-03-01 17:49:53,708 - WARNING - Retrying (Retry(total=2, connect=None, read=None, redirect=None, status=None)) after connection broken by 'NewConnectionError('<urllib3.connection.HTTPConnection object at 0x000002606A26C380>: Failed to establish a new connection: [WinError 10061] 由于目标计算机积极拒绝，无法连接。')': /session/eb151784aaa376ad17ca4734fab08184
2025-03-01 17:49:57,771 - WARNING - Retrying (Retry(total=1, connect=None, read=None, redirect=None, status=None)) after connection broken by 'NewConnectionError('<urllib3.connection.HTTPConnection object at 0x000002606A26C7C0>: Failed to establish a new connection: [WinError 10061] 由于目标计算机积极拒绝，无法连接。')': /session/eb151784aaa376ad17ca4734fab08184
2025-03-01 17:50:01,846 - WARNING - Retrying (Retry(total=0, connect=None, read=None, redirect=None, status=None)) after connection broken by 'NewConnectionError('<urllib3.connection.HTTPConnection object at 0x000002606A26CE20>: Failed to establish a new connection: [WinError 10061] 由于目标计算机积极拒绝，无法连接。')': /session/eb151784aaa376ad17ca4734fab08184
2025-03-01 17:50:14,128 - WARNING - Retrying (Retry(total=2, connect=None, read=None, redirect=None, status=None)) after connection broken by 'NewConnectionError('<urllib3.connection.HTTPConnection object at 0x0000026067999D00>: Failed to establish a new connection: [WinError 10061] 由于目标计算机积极拒绝，无法连接。')': /session/eb151784aaa376ad17ca4734fab08184
2025-03-01 17:50:18,210 - WARNING - Retrying (Retry(total=1, connect=None, read=None, redirect=None, status=None)) after connection broken by 'NewConnectionError('<urllib3.connection.HTTPConnection object at 0x000002606799BDF0>: Failed to establish a new connection: [WinError 10061] 由于目标计算机积极拒绝，无法连接。')': /session/eb151784aaa376ad17ca4734fab08184
2025-03-01 17:50:22,297 - WARNING - Retrying (Retry(total=0, connect=None, read=None, redirect=None, status=None)) after connection broken by 'NewConnectionError('<urllib3.connection.HTTPConnection object at 0x000002606799BF00>: Failed to establish a new connection: [WinError 10061] 由于目标计算机积极拒绝，无法连接。')': /session/eb151784aaa376ad17ca4734fab08184
2025-03-01 17:50:34,576 - WARNING - Retrying (Retry(total=2, connect=None, read=None, redirect=None, status=None)) after connection broken by 'NewConnectionError('<urllib3.connection.HTTPConnection object at 0x000002606799BDF0>: Failed to establish a new connection: [WinError 10061] 由于目标计算机积极拒绝，无法连接。')': /session/eb151784aaa376ad17ca4734fab08184
2025-03-01 17:50:38,658 - WARNING - Retrying (Retry(total=1, connect=None, read=None, redirect=None, status=None)) after connection broken by 'NewConnectionError('<urllib3.connection.HTTPConnection object at 0x000002606799B570>: Failed to establish a new connection: [WinError 10061] 由于目标计算机积极拒绝，无法连接。')': /session/eb151784aaa376ad17ca4734fab08184
2025-03-01 17:50:42,744 - WARNING - Retrying (Retry(total=0, connect=None, read=None, redirect=None, status=None)) after connection broken by 'NewConnectionError('<urllib3.connection.HTTPConnection object at 0x000002606799AE00>: Failed to establish a new connection: [WinError 10061] 由于目标计算机积极拒绝，无法连接。')': /session/eb151784aaa376ad17ca4734fab08184
2025-03-01 17:50:55,019 - WARNING - Retrying (Retry(total=2, connect=None, read=None, redirect=None, status=None)) after connection broken by 'NewConnectionError('<urllib3.connection.HTTPConnection object at 0x000002606A26C490>: Failed to establish a new connection: [WinError 10061] 由于目标计算机积极拒绝，无法连接。')': /session/eb151784aaa376ad17ca4734fab08184
2025-03-01 17:50:59,117 - WARNING - Retrying (Retry(total=1, connect=None, read=None, redirect=None, status=None)) after connection broken by 'NewConnectionError('<urllib3.connection.HTTPConnection object at 0x000002606A26C050>: Failed to establish a new connection: [WinError 10061] 由于目标计算机积极拒绝，无法连接。')': /session/eb151784aaa376ad17ca4734fab08184
2025-03-01 17:51:03,198 - WARNING - Retrying (Retry(total=0, connect=None, read=None, redirect=None, status=None)) after connection broken by 'NewConnectionError('<urllib3.connection.HTTPConnection object at 0x000002606A26C160>: Failed to establish a new connection: [WinError 10061] 由于目标计算机积极拒绝，无法连接。')': /session/eb151784aaa376ad17ca4734fab08184
2025-03-01 17:51:15,468 - WARNING - Retrying (Retry(total=2, connect=None, read=None, redirect=None, status=None)) after connection broken by 'NewConnectionError('<urllib3.connection.HTTPConnection object at 0x000002606799A9C0>: Failed to establish a new connection: [WinError 10061] 由于目标计算机积极拒绝，无法连接。')': /session/eb151784aaa376ad17ca4734fab08184/url
2025-03-01 17:51:19,557 - WARNING - Retrying (Retry(total=1, connect=None, read=None, redirect=None, status=None)) after connection broken by 'NewConnectionError('<urllib3.connection.HTTPConnection object at 0x000002606799B570>: Failed to establish a new connection: [WinError 10061] 由于目标计算机积极拒绝，无法连接。')': /session/eb151784aaa376ad17ca4734fab08184/url
2025-03-01 17:51:23,631 - WARNING - Retrying (Retry(total=0, connect=None, read=None, redirect=None, status=None)) after connection broken by 'NewConnectionError('<urllib3.connection.HTTPConnection object at 0x000002606799BDF0>: Failed to establish a new connection: [WinError 10061] 由于目标计算机积极拒绝，无法连接。')': /session/eb151784aaa376ad17ca4734fab08184/url
2025-03-01 17:51:31,800 - WARNING - Retrying (Retry(total=2, connect=None, read=None, redirect=None, status=None)) after connection broken by 'NewConnectionError('<urllib3.connection.HTTPConnection object at 0x000002606A26CAF0>: Failed to establish a new connection: [WinError 10061] 由于目标计算机积极拒绝，无法连接。')': /session/eb151784aaa376ad17ca4734fab08184
2025-03-01 17:51:35,885 - WARNING - Retrying (Retry(total=1, connect=None, read=None, redirect=None, status=None)) after connection broken by 'NewConnectionError('<urllib3.connection.HTTPConnection object at 0x000002606A26D040>: Failed to establish a new connection: [WinError 10061] 由于目标计算机积极拒绝，无法连接。')': /session/eb151784aaa376ad17ca4734fab08184
2025-03-01 17:51:39,963 - WARNING - Retrying (Retry(total=0, connect=None, read=None, redirect=None, status=None)) after connection broken by 'NewConnectionError('<urllib3.connection.HTTPConnection object at 0x000002606A26CF30>: Failed to establish a new connection: [WinError 10061] 由于目标计算机积极拒绝，无法连接。')': /session/eb151784aaa376ad17ca4734fab08184
2025-03-01 17:51:52,259 - WARNING - Retrying (Retry(total=2, connect=None, read=None, redirect=None, status=None)) after connection broken by 'NewConnectionError('<urllib3.connection.HTTPConnection object at 0x000002606799BF00>: Failed to establish a new connection: [WinError 10061] 由于目标计算机积极拒绝，无法连接。')': /session/eb151784aaa376ad17ca4734fab08184/url
2025-03-01 17:51:56,348 - WARNING - Retrying (Retry(total=1, connect=None, read=None, redirect=None, status=None)) after connection broken by 'NewConnectionError('<urllib3.connection.HTTPConnection object at 0x000002606799B570>: Failed to establish a new connection: [WinError 10061] 由于目标计算机积极拒绝，无法连接。')': /session/eb151784aaa376ad17ca4734fab08184/url
2025-03-01 17:52:00,428 - WARNING - Retrying (Retry(total=0, connect=None, read=None, redirect=None, status=None)) after connection broken by 'NewConnectionError('<urllib3.connection.HTTPConnection object at 0x000002606799A9C0>: Failed to establish a new connection: [WinError 10061] 由于目标计算机积极拒绝，无法连接。')': /session/eb151784aaa376ad17ca4734fab08184/url
2025-03-01 17:52:08,595 - WARNING - Retrying (Retry(total=2, connect=None, read=None, redirect=None, status=None)) after connection broken by 'NewConnectionError('<urllib3.connection.HTTPConnection object at 0x000002606A26D370>: Failed to establish a new connection: [WinError 10061] 由于目标计算机积极拒绝，无法连接。')': /session/eb151784aaa376ad17ca4734fab08184
2025-03-01 17:52:12,686 - WARNING - Retrying (Retry(total=1, connect=None, read=None, redirect=None, status=None)) after connection broken by 'NewConnectionError('<urllib3.connection.HTTPConnection object at 0x000002606A26C490>: Failed to establish a new connection: [WinError 10061] 由于目标计算机积极拒绝，无法连接。')': /session/eb151784aaa376ad17ca4734fab08184
2025-03-01 17:52:16,775 - WARNING - Retrying (Retry(total=0, connect=None, read=None, redirect=None, status=None)) after connection broken by 'NewConnectionError('<urllib3.connection.HTTPConnection object at 0x000002606A26C050>: Failed to establish a new connection: [WinError 10061] 由于目标计算机积极拒绝，无法连接。')': /session/eb151784aaa376ad17ca4734fab08184
2025-03-01 17:52:29,082 - WARNING - Retrying (Retry(total=2, connect=None, read=None, redirect=None, status=None)) after connection broken by 'NewConnectionError('<urllib3.connection.HTTPConnection object at 0x000002606799AE00>: Failed to establish a new connection: [WinError 10061] 由于目标计算机积极拒绝，无法连接。')': /session/eb151784aaa376ad17ca4734fab08184
2025-03-01 17:52:33,179 - WARNING - Retrying (Retry(total=1, connect=None, read=None, redirect=None, status=None)) after connection broken by 'NewConnectionError('<urllib3.connection.HTTPConnection object at 0x000002606799B570>: Failed to establish a new connection: [WinError 10061] 由于目标计算机积极拒绝，无法连接。')': /session/eb151784aaa376ad17ca4734fab08184
2025-03-01 17:52:37,258 - WARNING - Retrying (Retry(total=0, connect=None, read=None, redirect=None, status=None)) after connection broken by 'NewConnectionError('<urllib3.connection.HTTPConnection object at 0x000002606799BF00>: Failed to establish a new connection: [WinError 10061] 由于目标计算机积极拒绝，无法连接。')': /session/eb151784aaa376ad17ca4734fab08184
2025-03-01 17:52:49,526 - WARNING - Retrying (Retry(total=2, connect=None, read=None, redirect=None, status=None)) after connection broken by 'NewConnectionError('<urllib3.connection.HTTPConnection object at 0x000002606799BDF0>: Failed to establish a new connection: [WinError 10061] 由于目标计算机积极拒绝，无法连接。')': /session/eb151784aaa376ad17ca4734fab08184/url
2025-03-01 17:52:53,591 - WARNING - Retrying (Retry(total=1, connect=None, read=None, redirect=None, status=None)) after connection broken by 'NewConnectionError('<urllib3.connection.HTTPConnection object at 0x000002606799B570>: Failed to establish a new connection: [WinError 10061] 由于目标计算机积极拒绝，无法连接。')': /session/eb151784aaa376ad17ca4734fab08184/url
2025-03-01 17:52:57,675 - WARNING - Retrying (Retry(total=0, connect=None, read=None, redirect=None, status=None)) after connection broken by 'NewConnectionError('<urllib3.connection.HTTPConnection object at 0x000002606799AE00>: Failed to establish a new connection: [WinError 10061] 由于目标计算机积极拒绝，无法连接。')': /session/eb151784aaa376ad17ca4734fab08184/url
2025-03-01 17:53:05,840 - WARNING - Retrying (Retry(total=2, connect=None, read=None, redirect=None, status=None)) after connection broken by 'NewConnectionError('<urllib3.connection.HTTPConnection object at 0x000002606A26C8D0>: Failed to establish a new connection: [WinError 10061] 由于目标计算机积极拒绝，无法连接。')': /session/eb151784aaa376ad17ca4734fab08184
2025-03-01 17:53:09,930 - WARNING - Retrying (Retry(total=1, connect=None, read=None, redirect=None, status=None)) after connection broken by 'NewConnectionError('<urllib3.connection.HTTPConnection object at 0x000002606A26C490>: Failed to establish a new connection: [WinError 10061] 由于目标计算机积极拒绝，无法连接。')': /session/eb151784aaa376ad17ca4734fab08184
2025-03-01 17:53:14,030 - WARNING - Retrying (Retry(total=0, connect=None, read=None, redirect=None, status=None)) after connection broken by 'NewConnectionError('<urllib3.connection.HTTPConnection object at 0x000002606A26D370>: Failed to establish a new connection: [WinError 10061] 由于目标计算机积极拒绝，无法连接。')': /session/eb151784aaa376ad17ca4734fab08184
2025-03-01 17:53:26,310 - WARNING - Retrying (Retry(total=2, connect=None, read=None, redirect=None, status=None)) after connection broken by 'NewConnectionError('<urllib3.connection.HTTPConnection object at 0x000002606799A9C0>: Failed to establish a new connection: [WinError 10061] 由于目标计算机积极拒绝，无法连接。')': /session/eb151784aaa376ad17ca4734fab08184
2025-03-01 17:53:30,382 - WARNING - Retrying (Retry(total=1, connect=None, read=None, redirect=None, status=None)) after connection broken by 'NewConnectionError('<urllib3.connection.HTTPConnection object at 0x000002606799B570>: Failed to establish a new connection: [WinError 10061] 由于目标计算机积极拒绝，无法连接。')': /session/eb151784aaa376ad17ca4734fab08184
2025-03-01 17:53:34,468 - WARNING - Retrying (Retry(total=0, connect=None, read=None, redirect=None, status=None)) after connection broken by 'NewConnectionError('<urllib3.connection.HTTPConnection object at 0x000002606799BDF0>: Failed to establish a new connection: [WinError 10061] 由于目标计算机积极拒绝，无法连接。')': /session/eb151784aaa376ad17ca4734fab08184
2025-03-01 17:53:46,739 - WARNING - Retrying (Retry(total=2, connect=None, read=None, redirect=None, status=None)) after connection broken by 'NewConnectionError('<urllib3.connection.HTTPConnection object at 0x000002606799BF00>: Failed to establish a new connection: [WinError 10061] 由于目标计算机积极拒绝，无法连接。')': /session/eb151784aaa376ad17ca4734fab08184
2025-03-01 17:53:50,812 - WARNING - Retrying (Retry(total=1, connect=None, read=None, redirect=None, status=None)) after connection broken by 'NewConnectionError('<urllib3.connection.HTTPConnection object at 0x000002606799B570>: Failed to establish a new connection: [WinError 10061] 由于目标计算机积极拒绝，无法连接。')': /session/eb151784aaa376ad17ca4734fab08184
2025-03-01 17:53:54,892 - WARNING - Retrying (Retry(total=0, connect=None, read=None, redirect=None, status=None)) after connection broken by 'NewConnectionError('<urllib3.connection.HTTPConnection object at 0x000002606799A9C0>: Failed to establish a new connection: [WinError 10061] 由于目标计算机积极拒绝，无法连接。')': /session/eb151784aaa376ad17ca4734fab08184
2025-03-01 17:54:07,167 - WARNING - Retrying (Retry(total=2, connect=None, read=None, redirect=None, status=None)) after connection broken by 'NewConnectionError('<urllib3.connection.HTTPConnection object at 0x000002606799AE00>: Failed to establish a new connection: [WinError 10061] 由于目标计算机积极拒绝，无法连接。')': /session/eb151784aaa376ad17ca4734fab08184
2025-03-01 17:54:11,239 - WARNING - Retrying (Retry(total=1, connect=None, read=None, redirect=None, status=None)) after connection broken by 'NewConnectionError('<urllib3.connection.HTTPConnection object at 0x000002606799B570>: Failed to establish a new connection: [WinError 10061] 由于目标计算机积极拒绝，无法连接。')': /session/eb151784aaa376ad17ca4734fab08184
2025-03-01 17:54:15,345 - WARNING - Retrying (Retry(total=0, connect=None, read=None, redirect=None, status=None)) after connection broken by 'NewConnectionError('<urllib3.connection.HTTPConnection object at 0x000002606799BF00>: Failed to establish a new connection: [WinError 10061] 由于目标计算机积极拒绝，无法连接。')': /session/eb151784aaa376ad17ca4734fab08184
2025-03-01 17:54:27,599 - WARNING - Retrying (Retry(total=2, connect=None, read=None, redirect=None, status=None)) after connection broken by 'NewConnectionError('<urllib3.connection.HTTPConnection object at 0x0000026067999D00>: Failed to establish a new connection: [WinError 10061] 由于目标计算机积极拒绝，无法连接。')': /session/eb151784aaa376ad17ca4734fab08184/url
2025-03-01 17:54:31,693 - WARNING - Retrying (Retry(total=1, connect=None, read=None, redirect=None, status=None)) after connection broken by 'NewConnectionError('<urllib3.connection.HTTPConnection object at 0x000002606799AE00>: Failed to establish a new connection: [WinError 10061] 由于目标计算机积极拒绝，无法连接。')': /session/eb151784aaa376ad17ca4734fab08184/url
2025-03-01 17:54:35,777 - WARNING - Retrying (Retry(total=0, connect=None, read=None, redirect=None, status=None)) after connection broken by 'NewConnectionError('<urllib3.connection.HTTPConnection object at 0x000002606A26D370>: Failed to establish a new connection: [WinError 10061] 由于目标计算机积极拒绝，无法连接。')': /session/eb151784aaa376ad17ca4734fab08184/url
2025-03-01 17:54:43,953 - WARNING - Retrying (Retry(total=2, connect=None, read=None, redirect=None, status=None)) after connection broken by 'NewConnectionError('<urllib3.connection.HTTPConnection object at 0x000002606A26D040>: Failed to establish a new connection: [WinError 10061] 由于目标计算机积极拒绝，无法连接。')': /session/eb151784aaa376ad17ca4734fab08184
2025-03-01 17:54:48,042 - WARNING - Retrying (Retry(total=1, connect=None, read=None, redirect=None, status=None)) after connection broken by 'NewConnectionError('<urllib3.connection.HTTPConnection object at 0x000002606A26CAF0>: Failed to establish a new connection: [WinError 10061] 由于目标计算机积极拒绝，无法连接。')': /session/eb151784aaa376ad17ca4734fab08184
2025-03-01 17:54:52,126 - WARNING - Retrying (Retry(total=0, connect=None, read=None, redirect=None, status=None)) after connection broken by 'NewConnectionError('<urllib3.connection.HTTPConnection object at 0x000002606A26C050>: Failed to establish a new connection: [WinError 10061] 由于目标计算机积极拒绝，无法连接。')': /session/eb151784aaa376ad17ca4734fab08184
2025-03-01 17:55:04,406 - WARNING - Retrying (Retry(total=2, connect=None, read=None, redirect=None, status=None)) after connection broken by 'NewConnectionError('<urllib3.connection.HTTPConnection object at 0x000002606799A9C0>: Failed to establish a new connection: [WinError 10061] 由于目标计算机积极拒绝，无法连接。')': /session/eb151784aaa376ad17ca4734fab08184
2025-03-01 17:55:08,495 - WARNING - Retrying (Retry(total=1, connect=None, read=None, redirect=None, status=None)) after connection broken by 'NewConnectionError('<urllib3.connection.HTTPConnection object at 0x0000026067999D00>: Failed to establish a new connection: [WinError 10061] 由于目标计算机积极拒绝，无法连接。')': /session/eb151784aaa376ad17ca4734fab08184
2025-03-01 17:55:12,576 - WARNING - Retrying (Retry(total=0, connect=None, read=None, redirect=None, status=None)) after connection broken by 'NewConnectionError('<urllib3.connection.HTTPConnection object at 0x000002606A26D8C0>: Failed to establish a new connection: [WinError 10061] 由于目标计算机积极拒绝，无法连接。')': /session/eb151784aaa376ad17ca4734fab08184
2025-03-01 17:55:24,845 - WARNING - Retrying (Retry(total=2, connect=None, read=None, redirect=None, status=None)) after connection broken by 'NewConnectionError('<urllib3.connection.HTTPConnection object at 0x000002606799B570>: Failed to establish a new connection: [WinError 10061] 由于目标计算机积极拒绝，无法连接。')': /session/eb151784aaa376ad17ca4734fab08184
2025-03-01 17:55:28,929 - WARNING - Retrying (Retry(total=1, connect=None, read=None, redirect=None, status=None)) after connection broken by 'NewConnectionError('<urllib3.connection.HTTPConnection object at 0x000002606799A9C0>: Failed to establish a new connection: [WinError 10061] 由于目标计算机积极拒绝，无法连接。')': /session/eb151784aaa376ad17ca4734fab08184
2025-03-01 17:55:33,001 - WARNING - Retrying (Retry(total=0, connect=None, read=None, redirect=None, status=None)) after connection broken by 'NewConnectionError('<urllib3.connection.HTTPConnection object at 0x000002606A26CAF0>: Failed to establish a new connection: [WinError 10061] 由于目标计算机积极拒绝，无法连接。')': /session/eb151784aaa376ad17ca4734fab08184
2025-03-01 17:55:45,283 - WARNING - Retrying (Retry(total=2, connect=None, read=None, redirect=None, status=None)) after connection broken by 'NewConnectionError('<urllib3.connection.HTTPConnection object at 0x000002606799AE00>: Failed to establish a new connection: [WinError 10061] 由于目标计算机积极拒绝，无法连接。')': /session/eb151784aaa376ad17ca4734fab08184
2025-03-01 17:55:49,359 - WARNING - Retrying (Retry(total=1, connect=None, read=None, redirect=None, status=None)) after connection broken by 'NewConnectionError('<urllib3.connection.HTTPConnection object at 0x000002606799B570>: Failed to establish a new connection: [WinError 10061] 由于目标计算机积极拒绝，无法连接。')': /session/eb151784aaa376ad17ca4734fab08184
2025-03-01 17:55:53,449 - WARNING - Retrying (Retry(total=0, connect=None, read=None, redirect=None, status=None)) after connection broken by 'NewConnectionError('<urllib3.connection.HTTPConnection object at 0x000002606799BDF0>: Failed to establish a new connection: [WinError 10061] 由于目标计算机积极拒绝，无法连接。')': /session/eb151784aaa376ad17ca4734fab08184
2025-03-01 17:56:05,733 - WARNING - Retrying (Retry(total=2, connect=None, read=None, redirect=None, status=None)) after connection broken by 'NewConnectionError('<urllib3.connection.HTTPConnection object at 0x000002606A26C160>: Failed to establish a new connection: [WinError 10061] 由于目标计算机积极拒绝，无法连接。')': /session/eb151784aaa376ad17ca4734fab08184
2025-03-01 17:56:09,815 - WARNING - Retrying (Retry(total=1, connect=None, read=None, redirect=None, status=None)) after connection broken by 'NewConnectionError('<urllib3.connection.HTTPConnection object at 0x000002606A26C9E0>: Failed to establish a new connection: [WinError 10061] 由于目标计算机积极拒绝，无法连接。')': /session/eb151784aaa376ad17ca4734fab08184
2025-03-01 17:56:13,897 - WARNING - Retrying (Retry(total=0, connect=None, read=None, redirect=None, status=None)) after connection broken by 'NewConnectionError('<urllib3.connection.HTTPConnection object at 0x000002606A26D260>: Failed to establish a new connection: [WinError 10061] 由于目标计算机积极拒绝，无法连接。')': /session/eb151784aaa376ad17ca4734fab08184
2025-03-01 17:56:26,174 - WARNING - Retrying (Retry(total=2, connect=None, read=None, redirect=None, status=None)) after connection broken by 'NewConnectionError('<urllib3.connection.HTTPConnection object at 0x000002606799BF00>: Failed to establish a new connection: [WinError 10061] 由于目标计算机积极拒绝，无法连接。')': /session/eb151784aaa376ad17ca4734fab08184
2025-03-01 17:56:30,258 - WARNING - Retrying (Retry(total=1, connect=None, read=None, redirect=None, status=None)) after connection broken by 'NewConnectionError('<urllib3.connection.HTTPConnection object at 0x000002606799B570>: Failed to establish a new connection: [WinError 10061] 由于目标计算机积极拒绝，无法连接。')': /session/eb151784aaa376ad17ca4734fab08184
2025-03-01 17:56:34,331 - WARNING - Retrying (Retry(total=0, connect=None, read=None, redirect=None, status=None)) after connection broken by 'NewConnectionError('<urllib3.connection.HTTPConnection object at 0x000002606799AE00>: Failed to establish a new connection: [WinError 10061] 由于目标计算机积极拒绝，无法连接。')': /session/eb151784aaa376ad17ca4734fab08184
2025-03-01 17:56:46,586 - WARNING - Retrying (Retry(total=2, connect=None, read=None, redirect=None, status=None)) after connection broken by 'NewConnectionError('<urllib3.connection.HTTPConnection object at 0x000002606799A9C0>: Failed to establish a new connection: [WinError 10061] 由于目标计算机积极拒绝，无法连接。')': /session/eb151784aaa376ad17ca4734fab08184
2025-03-01 17:56:50,675 - WARNING - Retrying (Retry(total=1, connect=None, read=None, redirect=None, status=None)) after connection broken by 'NewConnectionError('<urllib3.connection.HTTPConnection object at 0x000002606799B570>: Failed to establish a new connection: [WinError 10061] 由于目标计算机积极拒绝，无法连接。')': /session/eb151784aaa376ad17ca4734fab08184
2025-03-01 17:56:54,744 - WARNING - Retrying (Retry(total=0, connect=None, read=None, redirect=None, status=None)) after connection broken by 'NewConnectionError('<urllib3.connection.HTTPConnection object at 0x000002606799BF00>: Failed to establish a new connection: [WinError 10061] 由于目标计算机积极拒绝，无法连接。')': /session/eb151784aaa376ad17ca4734fab08184
2025-03-01 17:57:07,007 - WARNING - Retrying (Retry(total=2, connect=None, read=None, redirect=None, status=None)) after connection broken by 'NewConnectionError('<urllib3.connection.HTTPConnection object at 0x000002606799BDF0>: Failed to establish a new connection: [WinError 10061] 由于目标计算机积极拒绝，无法连接。')': /session/eb151784aaa376ad17ca4734fab08184/url
2025-03-01 17:57:11,078 - WARNING - Retrying (Retry(total=1, connect=None, read=None, redirect=None, status=None)) after connection broken by 'NewConnectionError('<urllib3.connection.HTTPConnection object at 0x000002606799B570>: Failed to establish a new connection: [WinError 10061] 由于目标计算机积极拒绝，无法连接。')': /session/eb151784aaa376ad17ca4734fab08184/url
2025-03-01 17:57:15,153 - WARNING - Retrying (Retry(total=0, connect=None, read=None, redirect=None, status=None)) after connection broken by 'NewConnectionError('<urllib3.connection.HTTPConnection object at 0x000002606799A9C0>: Failed to establish a new connection: [WinError 10061] 由于目标计算机积极拒绝，无法连接。')': /session/eb151784aaa376ad17ca4734fab08184/url
2025-03-01 17:57:23,319 - WARNING - Retrying (Retry(total=2, connect=None, read=None, redirect=None, status=None)) after connection broken by 'NewConnectionError('<urllib3.connection.HTTPConnection object at 0x000002606A26CC00>: Failed to establish a new connection: [WinError 10061] 由于目标计算机积极拒绝，无法连接。')': /session/eb151784aaa376ad17ca4734fab08184
2025-03-01 17:57:27,405 - WARNING - Retrying (Retry(total=1, connect=None, read=None, redirect=None, status=None)) after connection broken by 'NewConnectionError('<urllib3.connection.HTTPConnection object at 0x000002606A26D7B0>: Failed to establish a new connection: [WinError 10061] 由于目标计算机积极拒绝，无法连接。')': /session/eb151784aaa376ad17ca4734fab08184
2025-03-01 17:57:31,495 - WARNING - Retrying (Retry(total=0, connect=None, read=None, redirect=None, status=None)) after connection broken by 'NewConnectionError('<urllib3.connection.HTTPConnection object at 0x000002606A26C050>: Failed to establish a new connection: [WinError 10061] 由于目标计算机积极拒绝，无法连接。')': /session/eb151784aaa376ad17ca4734fab08184
2025-03-01 17:57:43,783 - WARNING - Retrying (Retry(total=2, connect=None, read=None, redirect=None, status=None)) after connection broken by 'NewConnectionError('<urllib3.connection.HTTPConnection object at 0x000002606799AE00>: Failed to establish a new connection: [WinError 10061] 由于目标计算机积极拒绝，无法连接。')': /session/eb151784aaa376ad17ca4734fab08184
2025-03-01 17:57:47,870 - WARNING - Retrying (Retry(total=1, connect=None, read=None, redirect=None, status=None)) after connection broken by 'NewConnectionError('<urllib3.connection.HTTPConnection object at 0x000002606799B570>: Failed to establish a new connection: [WinError 10061] 由于目标计算机积极拒绝，无法连接。')': /session/eb151784aaa376ad17ca4734fab08184
2025-03-01 17:57:51,947 - WARNING - Retrying (Retry(total=0, connect=None, read=None, redirect=None, status=None)) after connection broken by 'NewConnectionError('<urllib3.connection.HTTPConnection object at 0x000002606799BDF0>: Failed to establish a new connection: [WinError 10061] 由于目标计算机积极拒绝，无法连接。')': /session/eb151784aaa376ad17ca4734fab08184
2025-03-01 17:58:04,213 - WARNING - Retrying (Retry(total=2, connect=None, read=None, redirect=None, status=None)) after connection broken by 'NewConnectionError('<urllib3.connection.HTTPConnection object at 0x000002606A26D7B0>: Failed to establish a new connection: [WinError 10061] 由于目标计算机积极拒绝，无法连接。')': /session/eb151784aaa376ad17ca4734fab08184/url
2025-03-01 17:58:08,283 - WARNING - Retrying (Retry(total=1, connect=None, read=None, redirect=None, status=None)) after connection broken by 'NewConnectionError('<urllib3.connection.HTTPConnection object at 0x000002606A26C160>: Failed to establish a new connection: [WinError 10061] 由于目标计算机积极拒绝，无法连接。')': /session/eb151784aaa376ad17ca4734fab08184/url
2025-03-01 17:58:12,369 - WARNING - Retrying (Retry(total=0, connect=None, read=None, redirect=None, status=None)) after connection broken by 'NewConnectionError('<urllib3.connection.HTTPConnection object at 0x000002606A26C9E0>: Failed to establish a new connection: [WinError 10061] 由于目标计算机积极拒绝，无法连接。')': /session/eb151784aaa376ad17ca4734fab08184/url
2025-03-01 17:58:20,516 - WARNING - Retrying (Retry(total=2, connect=None, read=None, redirect=None, status=None)) after connection broken by 'NewConnectionError('<urllib3.connection.HTTPConnection object at 0x000002606A26C5A0>: Failed to establish a new connection: [WinError 10061] 由于目标计算机积极拒绝，无法连接。')': /session/eb151784aaa376ad17ca4734fab08184
2025-03-01 17:58:24,598 - WARNING - Retrying (Retry(total=1, connect=None, read=None, redirect=None, status=None)) after connection broken by 'NewConnectionError('<urllib3.connection.HTTPConnection object at 0x000002606A26D370>: Failed to establish a new connection: [WinError 10061] 由于目标计算机积极拒绝，无法连接。')': /session/eb151784aaa376ad17ca4734fab08184
2025-03-01 17:58:28,681 - WARNING - Retrying (Retry(total=0, connect=None, read=None, redirect=None, status=None)) after connection broken by 'NewConnectionError('<urllib3.connection.HTTPConnection object at 0x000002606A26D9D0>: Failed to establish a new connection: [WinError 10061] 由于目标计算机积极拒绝，无法连接。')': /session/eb151784aaa376ad17ca4734fab08184
2025-03-01 17:58:40,964 - WARNING - Retrying (Retry(total=2, connect=None, read=None, redirect=None, status=None)) after connection broken by 'NewConnectionError('<urllib3.connection.HTTPConnection object at 0x000002606799A9C0>: Failed to establish a new connection: [WinError 10061] 由于目标计算机积极拒绝，无法连接。')': /session/eb151784aaa376ad17ca4734fab08184
2025-03-01 17:58:45,049 - WARNING - Retrying (Retry(total=1, connect=None, read=None, redirect=None, status=None)) after connection broken by 'NewConnectionError('<urllib3.connection.HTTPConnection object at 0x000002606A26C380>: Failed to establish a new connection: [WinError 10061] 由于目标计算机积极拒绝，无法连接。')': /session/eb151784aaa376ad17ca4734fab08184
2025-03-01 17:58:49,127 - WARNING - Retrying (Retry(total=0, connect=None, read=None, redirect=None, status=None)) after connection broken by 'NewConnectionError('<urllib3.connection.HTTPConnection object at 0x000002606A26C9E0>: Failed to establish a new connection: [WinError 10061] 由于目标计算机积极拒绝，无法连接。')': /session/eb151784aaa376ad17ca4734fab08184
2025-03-01 17:59:01,411 - WARNING - Retrying (Retry(total=2, connect=None, read=None, redirect=None, status=None)) after connection broken by 'NewConnectionError('<urllib3.connection.HTTPConnection object at 0x0000026067999D00>: Failed to establish a new connection: [WinError 10061] 由于目标计算机积极拒绝，无法连接。')': /session/eb151784aaa376ad17ca4734fab08184
2025-03-01 17:59:05,495 - WARNING - Retrying (Retry(total=1, connect=None, read=None, redirect=None, status=None)) after connection broken by 'NewConnectionError('<urllib3.connection.HTTPConnection object at 0x000002606799AE00>: Failed to establish a new connection: [WinError 10061] 由于目标计算机积极拒绝，无法连接。')': /session/eb151784aaa376ad17ca4734fab08184
2025-03-01 17:59:09,574 - WARNING - Retrying (Retry(total=0, connect=None, read=None, redirect=None, status=None)) after connection broken by 'NewConnectionError('<urllib3.connection.HTTPConnection object at 0x000002606799BF00>: Failed to establish a new connection: [WinError 10061] 由于目标计算机积极拒绝，无法连接。')': /session/eb151784aaa376ad17ca4734fab08184
2025-03-01 17:59:21,868 - WARNING - Retrying (Retry(total=2, connect=None, read=None, redirect=None, status=None)) after connection broken by 'NewConnectionError('<urllib3.connection.HTTPConnection object at 0x000002606799AE00>: Failed to establish a new connection: [WinError 10061] 由于目标计算机积极拒绝，无法连接。')': /session/eb151784aaa376ad17ca4734fab08184
2025-03-01 17:59:25,938 - WARNING - Retrying (Retry(total=1, connect=None, read=None, redirect=None, status=None)) after connection broken by 'NewConnectionError('<urllib3.connection.HTTPConnection object at 0x000002606799BDF0>: Failed to establish a new connection: [WinError 10061] 由于目标计算机积极拒绝，无法连接。')': /session/eb151784aaa376ad17ca4734fab08184
2025-03-01 17:59:30,001 - WARNING - Retrying (Retry(total=0, connect=None, read=None, redirect=None, status=None)) after connection broken by 'NewConnectionError('<urllib3.connection.HTTPConnection object at 0x000002606799A9C0>: Failed to establish a new connection: [WinError 10061] 由于目标计算机积极拒绝，无法连接。')': /session/eb151784aaa376ad17ca4734fab08184
2025-03-01 17:59:42,277 - WARNING - Retrying (Retry(total=2, connect=None, read=None, redirect=None, status=None)) after connection broken by 'NewConnectionError('<urllib3.connection.HTTPConnection object at 0x000002606799BDF0>: Failed to establish a new connection: [WinError 10061] 由于目标计算机积极拒绝，无法连接。')': /session/eb151784aaa376ad17ca4734fab08184
2025-03-01 17:59:46,365 - WARNING - Retrying (Retry(total=1, connect=None, read=None, redirect=None, status=None)) after connection broken by 'NewConnectionError('<urllib3.connection.HTTPConnection object at 0x0000026067999D00>: Failed to establish a new connection: [WinError 10061] 由于目标计算机积极拒绝，无法连接。')': /session/eb151784aaa376ad17ca4734fab08184
2025-03-01 17:59:50,445 - WARNING - Retrying (Retry(total=0, connect=None, read=None, redirect=None, status=None)) after connection broken by 'NewConnectionError('<urllib3.connection.HTTPConnection object at 0x000002606799BF00>: Failed to establish a new connection: [WinError 10061] 由于目标计算机积极拒绝，无法连接。')': /session/eb151784aaa376ad17ca4734fab08184
2025-03-01 18:00:02,714 - WARNING - Retrying (Retry(total=2, connect=None, read=None, redirect=None, status=None)) after connection broken by 'NewConnectionError('<urllib3.connection.HTTPConnection object at 0x0000026067999D00>: Failed to establish a new connection: [WinError 10061] 由于目标计算机积极拒绝，无法连接。')': /session/eb151784aaa376ad17ca4734fab08184
2025-03-01 18:00:06,804 - WARNING - Retrying (Retry(total=1, connect=None, read=None, redirect=None, status=None)) after connection broken by 'NewConnectionError('<urllib3.connection.HTTPConnection object at 0x000002606799AE00>: Failed to establish a new connection: [WinError 10061] 由于目标计算机积极拒绝，无法连接。')': /session/eb151784aaa376ad17ca4734fab08184
2025-03-01 18:00:10,891 - WARNING - Retrying (Retry(total=0, connect=None, read=None, redirect=None, status=None)) after connection broken by 'NewConnectionError('<urllib3.connection.HTTPConnection object at 0x000002606799A9C0>: Failed to establish a new connection: [WinError 10061] 由于目标计算机积极拒绝，无法连接。')': /session/eb151784aaa376ad17ca4734fab08184
2025-03-01 18:00:23,167 - WARNING - Retrying (Retry(total=2, connect=None, read=None, redirect=None, status=None)) after connection broken by 'NewConnectionError('<urllib3.connection.HTTPConnection object at 0x000002606799AE00>: Failed to establish a new connection: [WinError 10061] 由于目标计算机积极拒绝，无法连接。')': /session/eb151784aaa376ad17ca4734fab08184/url
2025-03-01 18:00:27,249 - WARNING - Retrying (Retry(total=1, connect=None, read=None, redirect=None, status=None)) after connection broken by 'NewConnectionError('<urllib3.connection.HTTPConnection object at 0x000002606799BDF0>: Failed to establish a new connection: [WinError 10061] 由于目标计算机积极拒绝，无法连接。')': /session/eb151784aaa376ad17ca4734fab08184/url
2025-03-01 18:00:31,324 - WARNING - Retrying (Retry(total=0, connect=None, read=None, redirect=None, status=None)) after connection broken by 'NewConnectionError('<urllib3.connection.HTTPConnection object at 0x000002606799BF00>: Failed to establish a new connection: [WinError 10061] 由于目标计算机积极拒绝，无法连接。')': /session/eb151784aaa376ad17ca4734fab08184/url
2025-03-01 18:00:39,482 - WARNING - Retrying (Retry(total=2, connect=None, read=None, redirect=None, status=None)) after connection broken by 'NewConnectionError('<urllib3.connection.HTTPConnection object at 0x000002606A26C270>: Failed to establish a new connection: [WinError 10061] 由于目标计算机积极拒绝，无法连接。')': /session/eb151784aaa376ad17ca4734fab08184
2025-03-01 18:00:43,558 - WARNING - Retrying (Retry(total=1, connect=None, read=None, redirect=None, status=None)) after connection broken by 'NewConnectionError('<urllib3.connection.HTTPConnection object at 0x000002606A26CAF0>: Failed to establish a new connection: [WinError 10061] 由于目标计算机积极拒绝，无法连接。')': /session/eb151784aaa376ad17ca4734fab08184
2025-03-01 18:00:47,647 - WARNING - Retrying (Retry(total=0, connect=None, read=None, redirect=None, status=None)) after connection broken by 'NewConnectionError('<urllib3.connection.HTTPConnection object at 0x000002606A26D480>: Failed to establish a new connection: [WinError 10061] 由于目标计算机积极拒绝，无法连接。')': /session/eb151784aaa376ad17ca4734fab08184
2025-03-01 18:00:59,929 - WARNING - Retrying (Retry(total=2, connect=None, read=None, redirect=None, status=None)) after connection broken by 'NewConnectionError('<urllib3.connection.HTTPConnection object at 0x000002606799BDF0>: Failed to establish a new connection: [WinError 10061] 由于目标计算机积极拒绝，无法连接。')': /session/eb151784aaa376ad17ca4734fab08184
2025-03-01 18:01:04,006 - WARNING - Retrying (Retry(total=1, connect=None, read=None, redirect=None, status=None)) after connection broken by 'NewConnectionError('<urllib3.connection.HTTPConnection object at 0x0000026067999D00>: Failed to establish a new connection: [WinError 10061] 由于目标计算机积极拒绝，无法连接。')': /session/eb151784aaa376ad17ca4734fab08184
2025-03-01 18:01:08,079 - WARNING - Retrying (Retry(total=0, connect=None, read=None, redirect=None, status=None)) after connection broken by 'NewConnectionError('<urllib3.connection.HTTPConnection object at 0x000002606799A9C0>: Failed to establish a new connection: [WinError 10061] 由于目标计算机积极拒绝，无法连接。')': /session/eb151784aaa376ad17ca4734fab08184
2025-03-01 18:01:20,349 - WARNING - Retrying (Retry(total=2, connect=None, read=None, redirect=None, status=None)) after connection broken by 'NewConnectionError('<urllib3.connection.HTTPConnection object at 0x0000026067999D00>: Failed to establish a new connection: [WinError 10061] 由于目标计算机积极拒绝，无法连接。')': /session/eb151784aaa376ad17ca4734fab08184
2025-03-01 18:01:24,425 - WARNING - Retrying (Retry(total=1, connect=None, read=None, redirect=None, status=None)) after connection broken by 'NewConnectionError('<urllib3.connection.HTTPConnection object at 0x000002606799AE00>: Failed to establish a new connection: [WinError 10061] 由于目标计算机积极拒绝，无法连接。')': /session/eb151784aaa376ad17ca4734fab08184
2025-03-01 18:01:28,503 - WARNING - Retrying (Retry(total=0, connect=None, read=None, redirect=None, status=None)) after connection broken by 'NewConnectionError('<urllib3.connection.HTTPConnection object at 0x000002606799BF00>: Failed to establish a new connection: [WinError 10061] 由于目标计算机积极拒绝，无法连接。')': /session/eb151784aaa376ad17ca4734fab08184
